<?xml version="1.0" encoding="UTF-8"?>
<TestRun id="ef625e84-6c34-4c2d-aba5-224fe95ce578" name="florin.coros@ISDC20655 2010-10-18 11:08:19" runUser="ISDCNET\florin.coros" xmlns="http://microsoft.com/schemas/VisualStudio/TeamTest/2010">
  <TestSettings name="Local" id="0112e86b-3cae-4da0-9ecc-b1f9aa5f3184">
    <Description>These are default test settings for a local test run.</Description>
    <Deployment enabled="false" runDeploymentRoot="florin.coros_ISDC20655 2010-10-18 11_08_19" />
    <Execution>
      <TestTypeSpecific />
      <AgentRule name="Execution Agents">
      </AgentRule>
    </Execution>
  </TestSettings>
  <Times creation="2010-10-18T11:08:19.4679493+03:00" queuing="2010-10-18T11:08:19.7539493+03:00" start="2010-10-18T11:08:19.9959493+03:00" finish="2010-10-18T11:08:20.9459493+03:00" />
  <ResultSummary outcome="Completed">
    <Counters total="2" executed="2" passed="2" error="0" failed="0" timeout="0" aborted="0" inconclusive="0" passedButRunAborted="0" notRunnable="0" notExecuted="0" disconnected="0" warning="0" completed="0" inProgress="0" pending="0" />
  </ResultSummary>
  <TestDefinitions>
    <UnitTest name="When5678Scanned_11dot50Displayed" storage="d:\training\tdd_ws\pos\pos\pos.unittests\bin\debug\pos.unittests.dll" id="be5f946a-9997-c240-3b75-0021a463b350">
      <Execution timeOut="1800000" id="4e3b9a17-b330-480f-872b-05193c8afe33" />
      <TestMethod codeBase="D:/Training/TDD_WS/POS/POS/POS.UnitTests/bin/Debug/POS.UnitTests.DLL" adapterTypeName="Microsoft.VisualStudio.TestTools.TestTypes.Unit.UnitTestAdapter, Microsoft.VisualStudio.QualityTools.Tips.UnitTest.Adapter, Version=10.0.0.0, Culture=neutral, PublicKeyToken=b03f5f7f11d50a3a" className="POS.UnitTests.ScannerListenerTests, POS.UnitTests, Version=1.0.0.0, Culture=neutral, PublicKeyToken=null" name="When5678Scanned_11dot50Displayed" />
    </UnitTest>
    <UnitTest name="When1234Scanned_10dot40Displayed" storage="d:\training\tdd_ws\pos\pos\pos.unittests\bin\debug\pos.unittests.dll" id="281dd2c6-4968-7199-f6ea-e9b78773ece2">
      <Execution timeOut="1800000" id="54b97db5-980e-469a-99f0-e5ff0d394fb1" />
      <TestMethod codeBase="D:/Training/TDD_WS/POS/POS/POS.UnitTests/bin/Debug/POS.UnitTests.DLL" adapterTypeName="Microsoft.VisualStudio.TestTools.TestTypes.Unit.UnitTestAdapter, Microsoft.VisualStudio.QualityTools.Tips.UnitTest.Adapter, Version=10.0.0.0, Culture=neutral, PublicKeyToken=b03f5f7f11d50a3a" className="POS.UnitTests.ScannerListenerTests, POS.UnitTests, Version=1.0.0.0, Culture=neutral, PublicKeyToken=null" name="When1234Scanned_10dot40Displayed" />
    </UnitTest>
  </TestDefinitions>
  <TestLists>
    <TestList name="Results Not in a List" id="8c84fa94-04c1-424b-9868-57a2d4851a1d" />
    <TestList name="All Loaded Results" id="19431567-8539-422a-85d7-44ee4e166bda" />
  </TestLists>
  <TestEntries>
    <TestEntry testId="281dd2c6-4968-7199-f6ea-e9b78773ece2" executionId="54b97db5-980e-469a-99f0-e5ff0d394fb1" testListId="8c84fa94-04c1-424b-9868-57a2d4851a1d" />
    <TestEntry testId="be5f946a-9997-c240-3b75-0021a463b350" executionId="4e3b9a17-b330-480f-872b-05193c8afe33" testListId="8c84fa94-04c1-424b-9868-57a2d4851a1d" />
  </TestEntries>
  <Results>
    <UnitTestResult executionId="54b97db5-980e-469a-99f0-e5ff0d394fb1" testId="281dd2c6-4968-7199-f6ea-e9b78773ece2" testName="When1234Scanned_10dot40Displayed" computerName="ISDC20655" duration="00:00:00.5893074" startTime="2010-10-18T11:08:20.1899493+03:00" endTime="2010-10-18T11:08:20.8479493+03:00" testType="13cdc9d9-ddb5-4fa4-a97d-d965ccfc6d4b" outcome="Passed" testListId="8c84fa94-04c1-424b-9868-57a2d4851a1d" relativeResultsDirectory="54b97db5-980e-469a-99f0-e5ff0d394fb1">
    </UnitTestResult>
    <UnitTestResult executionId="4e3b9a17-b330-480f-872b-05193c8afe33" testId="be5f946a-9997-c240-3b75-0021a463b350" testName="When5678Scanned_11dot50Displayed" computerName="ISDC20655" duration="00:00:00.0035296" startTime="2010-10-18T11:08:20.8649493+03:00" endTime="2010-10-18T11:08:20.8689493+03:00" testType="13cdc9d9-ddb5-4fa4-a97d-d965ccfc6d4b" outcome="Passed" testListId="8c84fa94-04c1-424b-9868-57a2d4851a1d" relativeResultsDirectory="4e3b9a17-b330-480f-872b-05193c8afe33">
    </UnitTestResult>
  </Results>
</TestRun>