<?xml version="1.0" encoding="UTF-8"?>
<TestRun id="a6878aed-7dcf-4db9-8ea6-a27ae3cb1170" name="florin.coros@ISDC20655 2010-10-19 16:27:43" runUser="ISDCNET\florin.coros" xmlns="http://microsoft.com/schemas/VisualStudio/TeamTest/2010">
  <TestSettings name="Local" id="458cc489-e0c0-47d6-bd63-6380afd613c8">
    <Description>These are default test settings for a local test run.</Description>
    <Deployment enabled="false" runDeploymentRoot="florin.coros_ISDC20655 2010-10-19 16_27_43">
      <DeploymentItem filename="d:\Training\TDD_WS\POS2\POS2\POS2\bin\Debug\POS.exe" />
      <DeploymentItem filename="D:\Training\TDD_WS\POS2\POS2\POS.UniTests\Moq.dll" />
    </Deployment>
    <Execution>
      <TestTypeSpecific />
      <AgentRule name="Execution Agents">
      </AgentRule>
    </Execution>
  </TestSettings>
  <Times creation="2010-10-19T16:27:43.7106119+03:00" queuing="2010-10-19T16:27:43.7856194+03:00" start="2010-10-19T16:27:43.8036212+03:00" finish="2010-10-19T16:27:44.5286937+03:00" />
  <ResultSummary outcome="Failed">
    <Counters total="5" executed="5" passed="4" error="0" failed="1" timeout="0" aborted="0" inconclusive="0" passedButRunAborted="0" notRunnable="0" notExecuted="0" disconnected="0" warning="0" completed="0" inProgress="0" pending="0" />
  </ResultSummary>
  <TestDefinitions>
    <UnitTest name="WhenScanned_NotExistentProduct_ProductNotFoundTextDisplayed" storage="d:\training\tdd_ws\pos2\pos2\pos.unitests\bin\debug\pos.unitests.dll" id="847de343-dc43-ccdf-651d-7466423478ec">
      <Execution id="d0e3d2b5-cc2b-4d6e-92a4-ed6c376356a0" />
      <TestMethod codeBase="D:/Training/TDD_WS/POS2/POS2/POS.UniTests/bin/Debug/POS.UniTests.DLL" adapterTypeName="Microsoft.VisualStudio.TestTools.TestTypes.Unit.UnitTestAdapter, Microsoft.VisualStudio.QualityTools.Tips.UnitTest.Adapter, Version=10.0.0.0, Culture=neutral, PublicKeyToken=b03f5f7f11d50a3a" className="POS.UniTests.PricePresenterTests, POS.UniTests, Version=1.0.0.0, Culture=neutral, PublicKeyToken=null" name="WhenScanned_NotExistentProduct_ProductNotFoundTextDisplayed" />
    </UnitTest>
    <UnitTest name="WhenScaned_EmptyStringBarcode_ScanErrorTextDisplayed" storage="d:\training\tdd_ws\pos2\pos2\pos.unitests\bin\debug\pos.unitests.dll" id="9161d7aa-d02c-1483-3391-5410029da805">
      <Execution id="9c769935-4e38-47da-9530-0bbcca0ba005" />
      <TestMethod codeBase="D:/Training/TDD_WS/POS2/POS2/POS.UniTests/bin/Debug/POS.UniTests.DLL" adapterTypeName="Microsoft.VisualStudio.TestTools.TestTypes.Unit.UnitTestAdapter, Microsoft.VisualStudio.QualityTools.Tips.UnitTest.Adapter, Version=10.0.0.0, Culture=neutral, PublicKeyToken=b03f5f7f11d50a3a" className="POS.UniTests.PricePresenterTests, POS.UniTests, Version=1.0.0.0, Culture=neutral, PublicKeyToken=null" name="WhenScaned_EmptyStringBarcode_ScanErrorTextDisplayed" />
    </UnitTest>
    <UnitTest name="WhenScanned_TaxCalculatorCalled" storage="d:\training\tdd_ws\pos2\pos2\pos.unitests\bin\debug\pos.unitests.dll" id="06cd68ae-17ba-8ac0-9dc3-5dce0b2dd6e1">
      <Execution id="f3e51452-9701-4c60-871a-4d2aa85d4e0d" />
      <TestMethod codeBase="D:/Training/TDD_WS/POS2/POS2/POS.UniTests/bin/Debug/POS.UniTests.DLL" adapterTypeName="Microsoft.VisualStudio.TestTools.TestTypes.Unit.UnitTestAdapter, Microsoft.VisualStudio.QualityTools.Tips.UnitTest.Adapter, Version=10.0.0.0, Culture=neutral, PublicKeyToken=b03f5f7f11d50a3a" className="POS.UniTests.PricePresenterTests, POS.UniTests, Version=1.0.0.0, Culture=neutral, PublicKeyToken=null" name="WhenScanned_TaxCalculatorCalled" />
    </UnitTest>
    <UnitTest name="WhenProvincialScanned_CalculatorCalledWithProvincialTax" storage="d:\training\tdd_ws\pos2\pos2\pos.unitests\bin\debug\pos.unitests.dll" id="31639541-f615-18f1-9d25-f9e9646b5450">
      <Execution id="f0a0ab19-ac2e-431c-b3f7-796f4b9bf1f1" />
      <TestMethod codeBase="D:/Training/TDD_WS/POS2/POS2/POS.UniTests/bin/Debug/POS.UniTests.DLL" adapterTypeName="Microsoft.VisualStudio.TestTools.TestTypes.Unit.UnitTestAdapter, Microsoft.VisualStudio.QualityTools.Tips.UnitTest.Adapter, Version=10.0.0.0, Culture=neutral, PublicKeyToken=b03f5f7f11d50a3a" className="POS.UniTests.PricePresenterTests, POS.UniTests, Version=1.0.0.0, Culture=neutral, PublicKeyToken=null" name="WhenProvincialScanned_CalculatorCalledWithProvincialTax" />
    </UnitTest>
    <UnitTest name="WhenScanned_ExistentProduct_CatalogPriceDisplayed" storage="d:\training\tdd_ws\pos2\pos2\pos.unitests\bin\debug\pos.unitests.dll" id="06e382d9-e9f4-9f07-a785-df7ed089442b">
      <Execution id="4041ac30-dfdc-40c2-aae0-fe0ff5bac44b" />
      <TestMethod codeBase="D:/Training/TDD_WS/POS2/POS2/POS.UniTests/bin/Debug/POS.UniTests.DLL" adapterTypeName="Microsoft.VisualStudio.TestTools.TestTypes.Unit.UnitTestAdapter, Microsoft.VisualStudio.QualityTools.Tips.UnitTest.Adapter, Version=10.0.0.0, Culture=neutral, PublicKeyToken=b03f5f7f11d50a3a" className="POS.UniTests.PricePresenterTests, POS.UniTests, Version=1.0.0.0, Culture=neutral, PublicKeyToken=null" name="WhenScanned_ExistentProduct_CatalogPriceDisplayed" />
    </UnitTest>
  </TestDefinitions>
  <TestLists>
    <TestList name="Results Not in a List" id="8c84fa94-04c1-424b-9868-57a2d4851a1d" />
    <TestList name="All Loaded Results" id="19431567-8539-422a-85d7-44ee4e166bda" />
  </TestLists>
  <TestEntries>
    <TestEntry testId="06cd68ae-17ba-8ac0-9dc3-5dce0b2dd6e1" executionId="f3e51452-9701-4c60-871a-4d2aa85d4e0d" testListId="8c84fa94-04c1-424b-9868-57a2d4851a1d" />
    <TestEntry testId="06e382d9-e9f4-9f07-a785-df7ed089442b" executionId="4041ac30-dfdc-40c2-aae0-fe0ff5bac44b" testListId="8c84fa94-04c1-424b-9868-57a2d4851a1d" />
    <TestEntry testId="31639541-f615-18f1-9d25-f9e9646b5450" executionId="f0a0ab19-ac2e-431c-b3f7-796f4b9bf1f1" testListId="8c84fa94-04c1-424b-9868-57a2d4851a1d" />
    <TestEntry testId="847de343-dc43-ccdf-651d-7466423478ec" executionId="d0e3d2b5-cc2b-4d6e-92a4-ed6c376356a0" testListId="8c84fa94-04c1-424b-9868-57a2d4851a1d" />
    <TestEntry testId="9161d7aa-d02c-1483-3391-5410029da805" executionId="9c769935-4e38-47da-9530-0bbcca0ba005" testListId="8c84fa94-04c1-424b-9868-57a2d4851a1d" />
  </TestEntries>
  <Results>
    <UnitTestResult executionId="f3e51452-9701-4c60-871a-4d2aa85d4e0d" testId="06cd68ae-17ba-8ac0-9dc3-5dce0b2dd6e1" testName="WhenScanned_TaxCalculatorCalled" computerName="ISDC20655" duration="00:00:00.1912966" startTime="2010-10-19T16:27:43.8226231+03:00" endTime="2010-10-19T16:27:44.2776686+03:00" testType="13cdc9d9-ddb5-4fa4-a97d-d965ccfc6d4b" outcome="Passed" testListId="8c84fa94-04c1-424b-9868-57a2d4851a1d" relativeResultsDirectory="f3e51452-9701-4c60-871a-4d2aa85d4e0d">
    </UnitTestResult>
    <UnitTestResult executionId="4041ac30-dfdc-40c2-aae0-fe0ff5bac44b" testId="06e382d9-e9f4-9f07-a785-df7ed089442b" testName="WhenScanned_ExistentProduct_CatalogPriceDisplayed" computerName="ISDC20655" duration="00:00:00.0310752" startTime="2010-10-19T16:27:44.2996708+03:00" endTime="2010-10-19T16:27:44.3456754+03:00" testType="13cdc9d9-ddb5-4fa4-a97d-d965ccfc6d4b" outcome="Passed" testListId="8c84fa94-04c1-424b-9868-57a2d4851a1d" relativeResultsDirectory="4041ac30-dfdc-40c2-aae0-fe0ff5bac44b">
    </UnitTestResult>
    <UnitTestResult executionId="f0a0ab19-ac2e-431c-b3f7-796f4b9bf1f1" testId="31639541-f615-18f1-9d25-f9e9646b5450" testName="WhenProvincialScanned_CalculatorCalledWithProvincialTax" computerName="ISDC20655" duration="00:00:00.0109164" startTime="2010-10-19T16:27:44.3496758+03:00" endTime="2010-10-19T16:27:44.3766785+03:00" testType="13cdc9d9-ddb5-4fa4-a97d-d965ccfc6d4b" outcome="Passed" testListId="8c84fa94-04c1-424b-9868-57a2d4851a1d" relativeResultsDirectory="f0a0ab19-ac2e-431c-b3f7-796f4b9bf1f1">
    </UnitTestResult>
    <UnitTestResult executionId="d0e3d2b5-cc2b-4d6e-92a4-ed6c376356a0" testId="847de343-dc43-ccdf-651d-7466423478ec" testName="WhenScanned_NotExistentProduct_ProductNotFoundTextDisplayed" computerName="ISDC20655" duration="00:00:00.0045039" startTime="2010-10-19T16:27:44.3796788+03:00" endTime="2010-10-19T16:27:44.3936802+03:00" testType="13cdc9d9-ddb5-4fa4-a97d-d965ccfc6d4b" outcome="Passed" testListId="8c84fa94-04c1-424b-9868-57a2d4851a1d" relativeResultsDirectory="d0e3d2b5-cc2b-4d6e-92a4-ed6c376356a0">
    </UnitTestResult>
    <UnitTestResult executionId="9c769935-4e38-47da-9530-0bbcca0ba005" testId="9161d7aa-d02c-1483-3391-5410029da805" testName="WhenScaned_EmptyStringBarcode_ScanErrorTextDisplayed" computerName="ISDC20655" duration="00:00:00.0779087" startTime="2010-10-19T16:27:44.3966805+03:00" endTime="2010-10-19T16:27:44.4836892+03:00" testType="13cdc9d9-ddb5-4fa4-a97d-d965ccfc6d4b" outcome="Failed" testListId="8c84fa94-04c1-424b-9868-57a2d4851a1d" relativeResultsDirectory="9c769935-4e38-47da-9530-0bbcca0ba005">
      <Output>
        <ErrorInfo>
          <Message>Test method POS.UniTests.PricePresenterTests.WhenScaned_EmptyStringBarcode_ScanErrorTextDisplayed threw exception: 
Moq.MockException: 
Expected invocation on the mock at least once, but was never performed: d =&gt; d.ShowScanError()</Message>
          <StackTrace>    at Moq.Mock.ThrowVerifyException(IProxyCall expected, Expression expression, Times times, Int32 callCount)
   at Moq.Mock.VerifyCalls(Interceptor targetInterceptor, MethodCall expected, Expression expression, Times times)
   at Moq.Mock.Verify[T](Mock mock, Expression`1 expression, Times times, String failMessage)
   at Moq.Mock`1.Verify(Expression`1 expression)
   at POS.UniTests.PricePresenterTests.WhenScaned_EmptyStringBarcode_ScanErrorTextDisplayed() in D:\Training\TDD_WS\POS2\POS2\POS.UniTests\PricePresenterTests.cs:line 55
</StackTrace>
        </ErrorInfo>
      </Output>
    </UnitTestResult>
  </Results>
</TestRun>