<?xml version="1.0" encoding="UTF-8"?>
<TestRun id="07cd85c3-4fc4-4644-bafc-06af478017d8" name="florin.coros@ISDC20655 2010-10-19 16:09:15" runUser="ISDCNET\florin.coros" xmlns="http://microsoft.com/schemas/VisualStudio/TeamTest/2010">
  <TestSettings name="Local" id="458cc489-e0c0-47d6-bd63-6380afd613c8">
    <Description>These are default test settings for a local test run.</Description>
    <Deployment enabled="false" runDeploymentRoot="florin.coros_ISDC20655 2010-10-19 16_09_15" />
    <Execution>
      <TestTypeSpecific />
      <AgentRule name="Execution Agents">
      </AgentRule>
    </Execution>
  </TestSettings>
  <Times creation="2010-10-19T16:09:15.5739971+03:00" queuing="2010-10-19T16:09:15.8679971+03:00" start="2010-10-19T16:09:16.2229971+03:00" finish="2010-10-19T16:09:16.7169971+03:00" />
  <ResultSummary outcome="Failed">
    <Counters total="1" executed="1" error="0" failed="1" timeout="0" aborted="0" inconclusive="0" passedButRunAborted="0" notRunnable="0" notExecuted="0" disconnected="0" warning="0" passed="0" completed="0" inProgress="0" pending="0" />
  </ResultSummary>
  <TestDefinitions>
    <UnitTest name="ShowPrice_WhenCalled_PriceDisplayed" storage="d:\training\tdd_ws\pos2\pos2\pos.unitests\bin\debug\pos.unitests.dll" id="4623e387-be1e-90c1-cb0a-e564f1c16395">
      <Execution timeOut="1800000" id="4f9177ca-2a52-4c19-b0d1-605da07305cc" />
      <TestMethod codeBase="D:/Training/TDD_WS/POS2/POS2/POS.UniTests/bin/Debug/POS.UniTests.DLL" adapterTypeName="Microsoft.VisualStudio.TestTools.TestTypes.Unit.UnitTestAdapter, Microsoft.VisualStudio.QualityTools.Tips.UnitTest.Adapter, Version=10.0.0.0, Culture=neutral, PublicKeyToken=b03f5f7f11d50a3a" className="POS.UniTests.PriceDisplayTests, POS.UniTests, Version=1.0.0.0, Culture=neutral, PublicKeyToken=null" name="ShowPrice_WhenCalled_PriceDisplayed" />
    </UnitTest>
  </TestDefinitions>
  <TestLists>
    <TestList name="Results Not in a List" id="8c84fa94-04c1-424b-9868-57a2d4851a1d" />
    <TestList name="All Loaded Results" id="19431567-8539-422a-85d7-44ee4e166bda" />
  </TestLists>
  <TestEntries>
    <TestEntry testId="4623e387-be1e-90c1-cb0a-e564f1c16395" executionId="4f9177ca-2a52-4c19-b0d1-605da07305cc" testListId="8c84fa94-04c1-424b-9868-57a2d4851a1d" />
  </TestEntries>
  <Results>
    <UnitTestResult executionId="4f9177ca-2a52-4c19-b0d1-605da07305cc" testId="4623e387-be1e-90c1-cb0a-e564f1c16395" testName="ShowPrice_WhenCalled_PriceDisplayed" computerName="ISDC20655" duration="00:00:00.2699416" startTime="2010-10-19T16:09:16.2829971+03:00" endTime="2010-10-19T16:09:16.6309971+03:00" testType="13cdc9d9-ddb5-4fa4-a97d-d965ccfc6d4b" outcome="Failed" testListId="8c84fa94-04c1-424b-9868-57a2d4851a1d" relativeResultsDirectory="4f9177ca-2a52-4c19-b0d1-605da07305cc">
      <Output>
        <ErrorInfo>
          <Message>Assert.AreEqual failed. Expected:&lt;$20.50&gt;. Actual:&lt;&gt;. </Message>
          <StackTrace>   at POS.UniTests.PriceDisplayTests.ShowPrice_WhenCalled_PriceDisplayed() in D:\Training\TDD_WS\POS2\POS2\POS.UniTests\PriceDisplayTests.cs:line 15
</StackTrace>
        </ErrorInfo>
      </Output>
    </UnitTestResult>
  </Results>
</TestRun>