<?xml version="1.0" encoding="UTF-8"?>
<TestRun id="c3655943-3030-4737-9de8-143f6e27e31e" name="florin.coros@ISDC20655 2010-10-19 08:52:23" runUser="ISDCNET\florin.coros" xmlns="http://microsoft.com/schemas/VisualStudio/TeamTest/2010">
  <TestSettings name="Local" id="458cc489-e0c0-47d6-bd63-6380afd613c8">
    <Description>These are default test settings for a local test run.</Description>
    <Deployment enabled="false" runDeploymentRoot="florin.coros_ISDC20655 2010-10-19 08_52_23" />
    <Execution>
      <TestTypeSpecific />
      <AgentRule name="Execution Agents">
      </AgentRule>
    </Execution>
  </TestSettings>
  <Times creation="2010-10-19T08:52:23.4503233+03:00" queuing="2010-10-19T08:52:23.7467575+03:00" start="2010-10-19T08:52:23.9963863+03:00" finish="2010-10-19T08:52:24.8076799+03:00" />
  <ResultSummary outcome="Completed">
    <Counters total="4" executed="4" passed="4" error="0" failed="0" timeout="0" aborted="0" inconclusive="0" passedButRunAborted="0" notRunnable="0" notExecuted="0" disconnected="0" warning="0" completed="0" inProgress="0" pending="0" />
  </ResultSummary>
  <TestDefinitions>
    <UnitTest name="WhenScanned_ProvincialAndFederalTaxDisplayed" storage="d:\training\tdd_ws\pos2\pos2\pos.unitests\bin\debug\pos.unitests.dll" id="5790517d-cd68-5f6b-486a-fd613832cff6">
      <Execution timeOut="1800000" id="b6e1b210-fc12-4c53-a1c4-9b54e30fadd4" />
      <TestMethod codeBase="D:/Training/TDD_WS/POS2/POS2/POS.UniTests/bin/Debug/POS.UniTests.DLL" adapterTypeName="Microsoft.VisualStudio.TestTools.TestTypes.Unit.UnitTestAdapter, Microsoft.VisualStudio.QualityTools.Tips.UnitTest.Adapter, Version=10.0.0.0, Culture=neutral, PublicKeyToken=b03f5f7f11d50a3a" className="POS.UniTests.PricePresenterTests, POS.UniTests, Version=1.0.0.0, Culture=neutral, PublicKeyToken=null" name="WhenScanned_ProvincialAndFederalTaxDisplayed" />
    </UnitTest>
    <UnitTest name="WhenScanned_TaxCalculatorCalled" storage="d:\training\tdd_ws\pos2\pos2\pos.unitests\bin\debug\pos.unitests.dll" id="06cd68ae-17ba-8ac0-9dc3-5dce0b2dd6e1">
      <Execution timeOut="1800000" id="cda937c6-3f7d-45af-ac02-ef12c9f10051" />
      <TestMethod codeBase="D:/Training/TDD_WS/POS2/POS2/POS.UniTests/bin/Debug/POS.UniTests.DLL" adapterTypeName="Microsoft.VisualStudio.TestTools.TestTypes.Unit.UnitTestAdapter, Microsoft.VisualStudio.QualityTools.Tips.UnitTest.Adapter, Version=10.0.0.0, Culture=neutral, PublicKeyToken=b03f5f7f11d50a3a" className="POS.UniTests.PricePresenterTests, POS.UniTests, Version=1.0.0.0, Culture=neutral, PublicKeyToken=null" name="WhenScanned_TaxCalculatorCalled" />
    </UnitTest>
    <UnitTest name="WhenInvalidBarcode_ErrorShown" storage="d:\training\tdd_ws\pos2\pos2\pos.unitests\bin\debug\pos.unitests.dll" id="00503b65-dc94-056e-9ab0-8d44aa21a90a">
      <Execution timeOut="1800000" id="c8c2c531-3165-4343-8e4c-33dc9908d7a0" />
      <TestMethod codeBase="D:/Training/TDD_WS/POS2/POS2/POS.UniTests/bin/Debug/POS.UniTests.DLL" adapterTypeName="Microsoft.VisualStudio.TestTools.TestTypes.Unit.UnitTestAdapter, Microsoft.VisualStudio.QualityTools.Tips.UnitTest.Adapter, Version=10.0.0.0, Culture=neutral, PublicKeyToken=b03f5f7f11d50a3a" className="POS.UniTests.PricePresenterTests, POS.UniTests, Version=1.0.0.0, Culture=neutral, PublicKeyToken=null" name="WhenInvalidBarcode_ErrorShown" />
    </UnitTest>
    <UnitTest name="WhenScanned_PriceDisplayed" storage="d:\training\tdd_ws\pos2\pos2\pos.unitests\bin\debug\pos.unitests.dll" id="5bc4a45e-38a8-7118-e2f3-30876582aabf">
      <Execution timeOut="1800000" id="3f46c467-58a0-443a-9d29-745e35bb5c89" />
      <TestMethod codeBase="D:/Training/TDD_WS/POS2/POS2/POS.UniTests/bin/Debug/POS.UniTests.DLL" adapterTypeName="Microsoft.VisualStudio.TestTools.TestTypes.Unit.UnitTestAdapter, Microsoft.VisualStudio.QualityTools.Tips.UnitTest.Adapter, Version=10.0.0.0, Culture=neutral, PublicKeyToken=b03f5f7f11d50a3a" className="POS.UniTests.PricePresenterTests, POS.UniTests, Version=1.0.0.0, Culture=neutral, PublicKeyToken=null" name="WhenScanned_PriceDisplayed" />
    </UnitTest>
  </TestDefinitions>
  <TestLists>
    <TestList name="Results Not in a List" id="8c84fa94-04c1-424b-9868-57a2d4851a1d" />
    <TestList name="All Loaded Results" id="19431567-8539-422a-85d7-44ee4e166bda" />
  </TestLists>
  <TestEntries>
    <TestEntry testId="00503b65-dc94-056e-9ab0-8d44aa21a90a" executionId="c8c2c531-3165-4343-8e4c-33dc9908d7a0" testListId="8c84fa94-04c1-424b-9868-57a2d4851a1d" />
    <TestEntry testId="5bc4a45e-38a8-7118-e2f3-30876582aabf" executionId="3f46c467-58a0-443a-9d29-745e35bb5c89" testListId="8c84fa94-04c1-424b-9868-57a2d4851a1d" />
    <TestEntry testId="5790517d-cd68-5f6b-486a-fd613832cff6" executionId="b6e1b210-fc12-4c53-a1c4-9b54e30fadd4" testListId="8c84fa94-04c1-424b-9868-57a2d4851a1d" />
    <TestEntry testId="06cd68ae-17ba-8ac0-9dc3-5dce0b2dd6e1" executionId="cda937c6-3f7d-45af-ac02-ef12c9f10051" testListId="8c84fa94-04c1-424b-9868-57a2d4851a1d" />
  </TestEntries>
  <Results>
    <UnitTestResult executionId="c8c2c531-3165-4343-8e4c-33dc9908d7a0" testId="00503b65-dc94-056e-9ab0-8d44aa21a90a" testName="WhenInvalidBarcode_ErrorShown" computerName="ISDC20655" duration="00:00:00.4314727" startTime="2010-10-19T08:52:24.1680061+03:00" endTime="2010-10-19T08:52:24.6672637+03:00" testType="13cdc9d9-ddb5-4fa4-a97d-d965ccfc6d4b" outcome="Passed" testListId="8c84fa94-04c1-424b-9868-57a2d4851a1d" relativeResultsDirectory="c8c2c531-3165-4343-8e4c-33dc9908d7a0">
    </UnitTestResult>
    <UnitTestResult executionId="3f46c467-58a0-443a-9d29-745e35bb5c89" testId="5bc4a45e-38a8-7118-e2f3-30876582aabf" testName="WhenScanned_PriceDisplayed" computerName="ISDC20655" duration="00:00:00.0266572" startTime="2010-10-19T08:52:24.6672637+03:00" endTime="2010-10-19T08:52:24.6984673+03:00" testType="13cdc9d9-ddb5-4fa4-a97d-d965ccfc6d4b" outcome="Passed" testListId="8c84fa94-04c1-424b-9868-57a2d4851a1d" relativeResultsDirectory="3f46c467-58a0-443a-9d29-745e35bb5c89">
    </UnitTestResult>
    <UnitTestResult executionId="b6e1b210-fc12-4c53-a1c4-9b54e30fadd4" testId="5790517d-cd68-5f6b-486a-fd613832cff6" testName="WhenScanned_ProvincialAndFederalTaxDisplayed" computerName="ISDC20655" duration="00:00:00.0093484" startTime="2010-10-19T08:52:24.7140691+03:00" endTime="2010-10-19T08:52:24.7140691+03:00" testType="13cdc9d9-ddb5-4fa4-a97d-d965ccfc6d4b" outcome="Passed" testListId="8c84fa94-04c1-424b-9868-57a2d4851a1d" relativeResultsDirectory="b6e1b210-fc12-4c53-a1c4-9b54e30fadd4">
    </UnitTestResult>
    <UnitTestResult executionId="cda937c6-3f7d-45af-ac02-ef12c9f10051" testId="06cd68ae-17ba-8ac0-9dc3-5dce0b2dd6e1" testName="WhenScanned_TaxCalculatorCalled" computerName="ISDC20655" duration="00:00:00.0048363" startTime="2010-10-19T08:52:24.7296709+03:00" endTime="2010-10-19T08:52:24.7296709+03:00" testType="13cdc9d9-ddb5-4fa4-a97d-d965ccfc6d4b" outcome="Passed" testListId="8c84fa94-04c1-424b-9868-57a2d4851a1d" relativeResultsDirectory="cda937c6-3f7d-45af-ac02-ef12c9f10051">
    </UnitTestResult>
  </Results>
</TestRun>