<?xml version="1.0" encoding="UTF-8"?>
<TestRun id="39f89355-6cf7-4978-bfd8-f77ea0d780f6" name="florin.coros@ISDC20655 2010-10-18 12:22:50" runUser="ISDCNET\florin.coros" xmlns="http://microsoft.com/schemas/VisualStudio/TeamTest/2010">
  <TestSettings name="Local" id="458cc489-e0c0-47d6-bd63-6380afd613c8">
    <Description>These are default test settings for a local test run.</Description>
    <Deployment enabled="false" runDeploymentRoot="florin.coros_ISDC20655 2010-10-18 12_22_50" />
    <Execution>
      <TestTypeSpecific />
      <AgentRule name="Execution Agents">
      </AgentRule>
    </Execution>
  </TestSettings>
  <Times creation="2010-10-18T12:22:50.4825358+03:00" queuing="2010-10-18T12:22:50.7775358+03:00" start="2010-10-18T12:22:51.1355358+03:00" finish="2010-10-18T12:22:51.7575358+03:00" />
  <ResultSummary outcome="Failed">
    <Counters total="2" executed="2" passed="1" error="0" failed="1" timeout="0" aborted="0" inconclusive="0" passedButRunAborted="0" notRunnable="0" notExecuted="0" disconnected="0" warning="0" completed="0" inProgress="0" pending="0" />
  </ResultSummary>
  <TestDefinitions>
    <UnitTest name="When5678Scanned_11dot56Displayed" storage="d:\training\tdd_ws\pos2\pos2\pos.unitests\bin\debug\pos.unitests.dll" id="3e5840db-2377-9056-881d-48e9717d78a5">
      <Execution timeOut="1800000" id="8b84e398-3ad2-428d-96bd-985fcee37f11" />
      <TestMethod codeBase="d:/Training/TDD_WS/POS2/POS2/POS.UniTests/bin/Debug/POS.UniTests.DLL" adapterTypeName="Microsoft.VisualStudio.TestTools.TestTypes.Unit.UnitTestAdapter, Microsoft.VisualStudio.QualityTools.Tips.UnitTest.Adapter, Version=10.0.0.0, Culture=neutral, PublicKeyToken=b03f5f7f11d50a3a" className="POS.UniTests.PricePresenterTests, POS.UniTests, Version=1.0.0.0, Culture=neutral, PublicKeyToken=null" name="When5678Scanned_11dot56Displayed" />
    </UnitTest>
    <UnitTest name="WhenBarcodeScanned_PriceDisplayed" storage="d:\training\tdd_ws\pos2\pos2\pos.unitests\bin\debug\pos.unitests.dll" id="e4f2d8fb-79bc-26cc-22df-702f285d084a">
      <Execution timeOut="1800000" id="2a4682ea-8882-4a90-865b-a1fac7e61b95" />
      <TestMethod codeBase="d:/Training/TDD_WS/POS2/POS2/POS.UniTests/bin/Debug/POS.UniTests.DLL" adapterTypeName="Microsoft.VisualStudio.TestTools.TestTypes.Unit.UnitTestAdapter, Microsoft.VisualStudio.QualityTools.Tips.UnitTest.Adapter, Version=10.0.0.0, Culture=neutral, PublicKeyToken=b03f5f7f11d50a3a" className="POS.UniTests.PricePresenterTests, POS.UniTests, Version=1.0.0.0, Culture=neutral, PublicKeyToken=null" name="WhenBarcodeScanned_PriceDisplayed" />
    </UnitTest>
  </TestDefinitions>
  <TestLists>
    <TestList name="Results Not in a List" id="8c84fa94-04c1-424b-9868-57a2d4851a1d" />
    <TestList name="All Loaded Results" id="19431567-8539-422a-85d7-44ee4e166bda" />
  </TestLists>
  <TestEntries>
    <TestEntry testId="3e5840db-2377-9056-881d-48e9717d78a5" executionId="8b84e398-3ad2-428d-96bd-985fcee37f11" testListId="8c84fa94-04c1-424b-9868-57a2d4851a1d" />
    <TestEntry testId="e4f2d8fb-79bc-26cc-22df-702f285d084a" executionId="2a4682ea-8882-4a90-865b-a1fac7e61b95" testListId="8c84fa94-04c1-424b-9868-57a2d4851a1d" />
  </TestEntries>
  <Results>
    <UnitTestResult executionId="8b84e398-3ad2-428d-96bd-985fcee37f11" testId="3e5840db-2377-9056-881d-48e9717d78a5" testName="When5678Scanned_11dot56Displayed" computerName="ISDC20655" duration="00:00:00.3891499" startTime="2010-10-18T12:22:51.1945358+03:00" endTime="2010-10-18T12:22:51.6515358+03:00" testType="13cdc9d9-ddb5-4fa4-a97d-d965ccfc6d4b" outcome="Failed" testListId="8c84fa94-04c1-424b-9868-57a2d4851a1d" relativeResultsDirectory="8b84e398-3ad2-428d-96bd-985fcee37f11">
      <Output>
        <ErrorInfo>
          <Message>Assert.AreEqual failed. Expected:&lt;11.56&gt;. Actual:&lt;10.40&gt;. </Message>
          <StackTrace>   at POS.UniTests.PricePresenterTests.When5678Scanned_11dot56Displayed() in d:\Training\TDD_WS\POS2\POS2\POS.UniTests\PricePresenterTests.cs:line 35
</StackTrace>
        </ErrorInfo>
      </Output>
    </UnitTestResult>
    <UnitTestResult executionId="2a4682ea-8882-4a90-865b-a1fac7e61b95" testId="e4f2d8fb-79bc-26cc-22df-702f285d084a" testName="WhenBarcodeScanned_PriceDisplayed" computerName="ISDC20655" duration="00:00:00.0050279" startTime="2010-10-18T12:22:51.6665358+03:00" endTime="2010-10-18T12:22:51.6735358+03:00" testType="13cdc9d9-ddb5-4fa4-a97d-d965ccfc6d4b" outcome="Passed" testListId="8c84fa94-04c1-424b-9868-57a2d4851a1d" relativeResultsDirectory="2a4682ea-8882-4a90-865b-a1fac7e61b95">
    </UnitTestResult>
  </Results>
</TestRun>