<?xml version="1.0" encoding="UTF-8"?>
<TestRun id="86fde5bc-73a7-40f6-9117-f45e206ae37d" name="florin.coros@ISDC20655 2010-10-19 16:31:21" runUser="ISDCNET\florin.coros" xmlns="http://microsoft.com/schemas/VisualStudio/TeamTest/2010">
  <TestSettings name="Local" id="458cc489-e0c0-47d6-bd63-6380afd613c8">
    <Description>These are default test settings for a local test run.</Description>
    <Deployment enabled="false" runDeploymentRoot="florin.coros_ISDC20655 2010-10-19 16_31_21" />
    <Execution>
      <TestTypeSpecific />
      <AgentRule name="Execution Agents">
      </AgentRule>
    </Execution>
  </TestSettings>
  <Times creation="2010-10-19T16:31:21.5403927+03:00" queuing="2010-10-19T16:31:21.8314218+03:00" start="2010-10-19T16:31:22.2464633+03:00" finish="2010-10-19T16:31:23.1995586+03:00" />
  <ResultSummary outcome="Failed">
    <Counters total="7" executed="7" passed="6" error="0" failed="1" timeout="0" aborted="0" inconclusive="0" passedButRunAborted="0" notRunnable="0" notExecuted="0" disconnected="0" warning="0" completed="0" inProgress="0" pending="0" />
  </ResultSummary>
  <TestDefinitions>
    <UnitTest name="WhenScaned_EmptyStringBarcode_ScanErrorTextDisplayed" storage="d:\training\tdd_ws\pos2\pos2\pos.unitests\bin\debug\pos.unitests.dll" id="9161d7aa-d02c-1483-3391-5410029da805">
      <Execution timeOut="1800000" id="37639e5a-c699-444a-9a67-6a7b9c9b51f3" />
      <TestMethod codeBase="D:/Training/TDD_WS/POS2/POS2/POS.UniTests/bin/Debug/POS.UniTests.DLL" adapterTypeName="Microsoft.VisualStudio.TestTools.TestTypes.Unit.UnitTestAdapter, Microsoft.VisualStudio.QualityTools.Tips.UnitTest.Adapter, Version=10.0.0.0, Culture=neutral, PublicKeyToken=b03f5f7f11d50a3a" className="POS.UniTests.PricePresenterTests, POS.UniTests, Version=1.0.0.0, Culture=neutral, PublicKeyToken=null" name="WhenScaned_EmptyStringBarcode_ScanErrorTextDisplayed" />
    </UnitTest>
    <UnitTest name="ShowProductNotFound_WhenCalled_ProductNotFoundTextDisplayed" storage="d:\training\tdd_ws\pos2\pos2\pos.unitests\bin\debug\pos.unitests.dll" id="f2ba733f-af89-1a06-e817-7c799db7a176">
      <Execution timeOut="1800000" id="2fd3b296-9b25-465c-a11f-e1754836ae0e" />
      <TestMethod codeBase="D:/Training/TDD_WS/POS2/POS2/POS.UniTests/bin/Debug/POS.UniTests.DLL" adapterTypeName="Microsoft.VisualStudio.TestTools.TestTypes.Unit.UnitTestAdapter, Microsoft.VisualStudio.QualityTools.Tips.UnitTest.Adapter, Version=10.0.0.0, Culture=neutral, PublicKeyToken=b03f5f7f11d50a3a" className="POS.UniTests.PriceDisplayTests, POS.UniTests, Version=1.0.0.0, Culture=neutral, PublicKeyToken=null" name="ShowProductNotFound_WhenCalled_ProductNotFoundTextDisplayed" />
    </UnitTest>
    <UnitTest name="WhenScanned_NotExistentProduct_ProductNotFoundTextDisplayed" storage="d:\training\tdd_ws\pos2\pos2\pos.unitests\bin\debug\pos.unitests.dll" id="847de343-dc43-ccdf-651d-7466423478ec">
      <Execution timeOut="1800000" id="84ba4a86-f19c-4090-b151-a5dbe8df6adb" />
      <TestMethod codeBase="D:/Training/TDD_WS/POS2/POS2/POS.UniTests/bin/Debug/POS.UniTests.DLL" adapterTypeName="Microsoft.VisualStudio.TestTools.TestTypes.Unit.UnitTestAdapter, Microsoft.VisualStudio.QualityTools.Tips.UnitTest.Adapter, Version=10.0.0.0, Culture=neutral, PublicKeyToken=b03f5f7f11d50a3a" className="POS.UniTests.PricePresenterTests, POS.UniTests, Version=1.0.0.0, Culture=neutral, PublicKeyToken=null" name="WhenScanned_NotExistentProduct_ProductNotFoundTextDisplayed" />
    </UnitTest>
    <UnitTest name="ShowPrice_WhenCalled_PriceDisplayed" storage="d:\training\tdd_ws\pos2\pos2\pos.unitests\bin\debug\pos.unitests.dll" id="4623e387-be1e-90c1-cb0a-e564f1c16395">
      <Execution timeOut="1800000" id="a28e7131-9853-4e2c-83d5-ee1b7cf4be15" />
      <TestMethod codeBase="D:/Training/TDD_WS/POS2/POS2/POS.UniTests/bin/Debug/POS.UniTests.DLL" adapterTypeName="Microsoft.VisualStudio.TestTools.TestTypes.Unit.UnitTestAdapter, Microsoft.VisualStudio.QualityTools.Tips.UnitTest.Adapter, Version=10.0.0.0, Culture=neutral, PublicKeyToken=b03f5f7f11d50a3a" className="POS.UniTests.PriceDisplayTests, POS.UniTests, Version=1.0.0.0, Culture=neutral, PublicKeyToken=null" name="ShowPrice_WhenCalled_PriceDisplayed" />
    </UnitTest>
    <UnitTest name="WhenScanned_ExistentProduct_CatalogPriceDisplayed" storage="d:\training\tdd_ws\pos2\pos2\pos.unitests\bin\debug\pos.unitests.dll" id="06e382d9-e9f4-9f07-a785-df7ed089442b">
      <Execution timeOut="1800000" id="17e5ee2a-2d45-440f-b86e-f1e36e1802c3" />
      <TestMethod codeBase="D:/Training/TDD_WS/POS2/POS2/POS.UniTests/bin/Debug/POS.UniTests.DLL" adapterTypeName="Microsoft.VisualStudio.TestTools.TestTypes.Unit.UnitTestAdapter, Microsoft.VisualStudio.QualityTools.Tips.UnitTest.Adapter, Version=10.0.0.0, Culture=neutral, PublicKeyToken=b03f5f7f11d50a3a" className="POS.UniTests.PricePresenterTests, POS.UniTests, Version=1.0.0.0, Culture=neutral, PublicKeyToken=null" name="WhenScanned_ExistentProduct_CatalogPriceDisplayed" />
    </UnitTest>
    <UnitTest name="WhenScanned_TaxCalculatorCalled" storage="d:\training\tdd_ws\pos2\pos2\pos.unitests\bin\debug\pos.unitests.dll" id="06cd68ae-17ba-8ac0-9dc3-5dce0b2dd6e1">
      <Execution timeOut="1800000" id="22f63a5f-bb6a-4534-ab65-4d967f2ebba8" />
      <TestMethod codeBase="D:/Training/TDD_WS/POS2/POS2/POS.UniTests/bin/Debug/POS.UniTests.DLL" adapterTypeName="Microsoft.VisualStudio.TestTools.TestTypes.Unit.UnitTestAdapter, Microsoft.VisualStudio.QualityTools.Tips.UnitTest.Adapter, Version=10.0.0.0, Culture=neutral, PublicKeyToken=b03f5f7f11d50a3a" className="POS.UniTests.PricePresenterTests, POS.UniTests, Version=1.0.0.0, Culture=neutral, PublicKeyToken=null" name="WhenScanned_TaxCalculatorCalled" />
    </UnitTest>
    <UnitTest name="WhenProvincialScanned_CalculatorCalledWithProvincialTax" storage="d:\training\tdd_ws\pos2\pos2\pos.unitests\bin\debug\pos.unitests.dll" id="31639541-f615-18f1-9d25-f9e9646b5450">
      <Execution timeOut="1800000" id="0f9ce88f-1345-4724-aedf-6a2897488bd0" />
      <TestMethod codeBase="D:/Training/TDD_WS/POS2/POS2/POS.UniTests/bin/Debug/POS.UniTests.DLL" adapterTypeName="Microsoft.VisualStudio.TestTools.TestTypes.Unit.UnitTestAdapter, Microsoft.VisualStudio.QualityTools.Tips.UnitTest.Adapter, Version=10.0.0.0, Culture=neutral, PublicKeyToken=b03f5f7f11d50a3a" className="POS.UniTests.PricePresenterTests, POS.UniTests, Version=1.0.0.0, Culture=neutral, PublicKeyToken=null" name="WhenProvincialScanned_CalculatorCalledWithProvincialTax" />
    </UnitTest>
  </TestDefinitions>
  <TestLists>
    <TestList name="Results Not in a List" id="8c84fa94-04c1-424b-9868-57a2d4851a1d" />
    <TestList name="All Loaded Results" id="19431567-8539-422a-85d7-44ee4e166bda" />
  </TestLists>
  <TestEntries>
    <TestEntry testId="4623e387-be1e-90c1-cb0a-e564f1c16395" executionId="a28e7131-9853-4e2c-83d5-ee1b7cf4be15" testListId="8c84fa94-04c1-424b-9868-57a2d4851a1d" />
    <TestEntry testId="f2ba733f-af89-1a06-e817-7c799db7a176" executionId="2fd3b296-9b25-465c-a11f-e1754836ae0e" testListId="8c84fa94-04c1-424b-9868-57a2d4851a1d" />
    <TestEntry testId="31639541-f615-18f1-9d25-f9e9646b5450" executionId="0f9ce88f-1345-4724-aedf-6a2897488bd0" testListId="8c84fa94-04c1-424b-9868-57a2d4851a1d" />
    <TestEntry testId="9161d7aa-d02c-1483-3391-5410029da805" executionId="37639e5a-c699-444a-9a67-6a7b9c9b51f3" testListId="8c84fa94-04c1-424b-9868-57a2d4851a1d" />
    <TestEntry testId="06e382d9-e9f4-9f07-a785-df7ed089442b" executionId="17e5ee2a-2d45-440f-b86e-f1e36e1802c3" testListId="8c84fa94-04c1-424b-9868-57a2d4851a1d" />
    <TestEntry testId="847de343-dc43-ccdf-651d-7466423478ec" executionId="84ba4a86-f19c-4090-b151-a5dbe8df6adb" testListId="8c84fa94-04c1-424b-9868-57a2d4851a1d" />
    <TestEntry testId="06cd68ae-17ba-8ac0-9dc3-5dce0b2dd6e1" executionId="22f63a5f-bb6a-4534-ab65-4d967f2ebba8" testListId="8c84fa94-04c1-424b-9868-57a2d4851a1d" />
  </TestEntries>
  <Results>
    <UnitTestResult executionId="a28e7131-9853-4e2c-83d5-ee1b7cf4be15" testId="4623e387-be1e-90c1-cb0a-e564f1c16395" testName="ShowPrice_WhenCalled_PriceDisplayed" computerName="ISDC20655" duration="00:00:00.2413779" startTime="2010-10-19T16:31:22.2364623+03:00" endTime="2010-10-19T16:31:22.5634950+03:00" testType="13cdc9d9-ddb5-4fa4-a97d-d965ccfc6d4b" outcome="Passed" testListId="8c84fa94-04c1-424b-9868-57a2d4851a1d" relativeResultsDirectory="a28e7131-9853-4e2c-83d5-ee1b7cf4be15">
    </UnitTestResult>
    <UnitTestResult executionId="2fd3b296-9b25-465c-a11f-e1754836ae0e" testId="f2ba733f-af89-1a06-e817-7c799db7a176" testName="ShowProductNotFound_WhenCalled_ProductNotFoundTextDisplayed" computerName="ISDC20655" duration="00:00:00.0019401" startTime="2010-10-19T16:31:22.5674954+03:00" endTime="2010-10-19T16:31:22.5804967+03:00" testType="13cdc9d9-ddb5-4fa4-a97d-d965ccfc6d4b" outcome="Passed" testListId="8c84fa94-04c1-424b-9868-57a2d4851a1d" relativeResultsDirectory="2fd3b296-9b25-465c-a11f-e1754836ae0e">
    </UnitTestResult>
    <UnitTestResult executionId="0f9ce88f-1345-4724-aedf-6a2897488bd0" testId="31639541-f615-18f1-9d25-f9e9646b5450" testName="WhenProvincialScanned_CalculatorCalledWithProvincialTax" computerName="ISDC20655" duration="00:00:00.4418181" startTime="2010-10-19T16:31:22.5954982+03:00" endTime="2010-10-19T16:31:23.0385425+03:00" testType="13cdc9d9-ddb5-4fa4-a97d-d965ccfc6d4b" outcome="Passed" testListId="8c84fa94-04c1-424b-9868-57a2d4851a1d" relativeResultsDirectory="0f9ce88f-1345-4724-aedf-6a2897488bd0">
    </UnitTestResult>
    <UnitTestResult executionId="37639e5a-c699-444a-9a67-6a7b9c9b51f3" testId="9161d7aa-d02c-1483-3391-5410029da805" testName="WhenScaned_EmptyStringBarcode_ScanErrorTextDisplayed" computerName="ISDC20655" duration="00:00:00.0253419" startTime="2010-10-19T16:31:23.0405427+03:00" endTime="2010-10-19T16:31:23.0675454+03:00" testType="13cdc9d9-ddb5-4fa4-a97d-d965ccfc6d4b" outcome="Failed" testListId="8c84fa94-04c1-424b-9868-57a2d4851a1d" relativeResultsDirectory="37639e5a-c699-444a-9a67-6a7b9c9b51f3">
      <Output>
        <ErrorInfo>
          <Message>Test method POS.UniTests.PricePresenterTests.WhenScaned_EmptyStringBarcode_ScanErrorTextDisplayed threw exception: 
Moq.MockException: 
Expected invocation on the mock at least once, but was never performed: d =&gt; d.ShowScanError()</Message>
          <StackTrace>    at Moq.Mock.ThrowVerifyException(IProxyCall expected, Expression expression, Times times, Int32 callCount)
   at Moq.Mock.VerifyCalls(Interceptor targetInterceptor, MethodCall expected, Expression expression, Times times)
   at Moq.Mock.Verify[T](Mock mock, Expression`1 expression, Times times, String failMessage)
   at Moq.Mock`1.Verify(Expression`1 expression)
   at POS.UniTests.PricePresenterTests.WhenScaned_EmptyStringBarcode_ScanErrorTextDisplayed() in D:\Training\TDD_WS\POS2\POS2\POS.UniTests\PricePresenterTests.cs:line 55
</StackTrace>
        </ErrorInfo>
      </Output>
    </UnitTestResult>
    <UnitTestResult executionId="17e5ee2a-2d45-440f-b86e-f1e36e1802c3" testId="06e382d9-e9f4-9f07-a785-df7ed089442b" testName="WhenScanned_ExistentProduct_CatalogPriceDisplayed" computerName="ISDC20655" duration="00:00:00.0166860" startTime="2010-10-19T16:31:23.0825469+03:00" endTime="2010-10-19T16:31:23.1005487+03:00" testType="13cdc9d9-ddb5-4fa4-a97d-d965ccfc6d4b" outcome="Passed" testListId="8c84fa94-04c1-424b-9868-57a2d4851a1d" relativeResultsDirectory="17e5ee2a-2d45-440f-b86e-f1e36e1802c3">
    </UnitTestResult>
    <UnitTestResult executionId="84ba4a86-f19c-4090-b151-a5dbe8df6adb" testId="847de343-dc43-ccdf-651d-7466423478ec" testName="WhenScanned_NotExistentProduct_ProductNotFoundTextDisplayed" computerName="ISDC20655" duration="00:00:00.0048778" startTime="2010-10-19T16:31:23.1025489+03:00" endTime="2010-10-19T16:31:23.1085495+03:00" testType="13cdc9d9-ddb5-4fa4-a97d-d965ccfc6d4b" outcome="Passed" testListId="8c84fa94-04c1-424b-9868-57a2d4851a1d" relativeResultsDirectory="84ba4a86-f19c-4090-b151-a5dbe8df6adb">
    </UnitTestResult>
    <UnitTestResult executionId="22f63a5f-bb6a-4534-ab65-4d967f2ebba8" testId="06cd68ae-17ba-8ac0-9dc3-5dce0b2dd6e1" testName="WhenScanned_TaxCalculatorCalled" computerName="ISDC20655" duration="00:00:00.0020103" startTime="2010-10-19T16:31:23.1115498+03:00" endTime="2010-10-19T16:31:23.1265513+03:00" testType="13cdc9d9-ddb5-4fa4-a97d-d965ccfc6d4b" outcome="Passed" testListId="8c84fa94-04c1-424b-9868-57a2d4851a1d" relativeResultsDirectory="22f63a5f-bb6a-4534-ab65-4d967f2ebba8">
    </UnitTestResult>
  </Results>
</TestRun>