<?xml version="1.0" encoding="UTF-8"?>
<TestRun id="3930e52f-0373-4b4d-8aa1-8ba0b8aeb727" name="florin.coros@ISDC20655 2010-10-18 14:38:32" runUser="ISDCNET\florin.coros" xmlns="http://microsoft.com/schemas/VisualStudio/TeamTest/2010">
  <TestSettings name="Local" id="458cc489-e0c0-47d6-bd63-6380afd613c8">
    <Description>These are default test settings for a local test run.</Description>
    <Deployment enabled="false" runDeploymentRoot="florin.coros_ISDC20655 2010-10-18 14_38_32" />
    <Execution>
      <TestTypeSpecific />
      <AgentRule name="Execution Agents">
      </AgentRule>
    </Execution>
  </TestSettings>
  <Times creation="2010-10-18T14:38:32.7423874+03:00" queuing="2010-10-18T14:38:33.0404172+03:00" start="2010-10-18T14:38:33.2824414+03:00" finish="2010-10-18T14:38:34.0805212+03:00" />
  <ResultSummary outcome="Completed">
    <Counters total="3" executed="3" passed="3" error="0" failed="0" timeout="0" aborted="0" inconclusive="0" passedButRunAborted="0" notRunnable="0" notExecuted="0" disconnected="0" warning="0" completed="0" inProgress="0" pending="0" />
  </ResultSummary>
  <TestDefinitions>
    <UnitTest name="WhenInvalidBarcode_ErrorShown" storage="d:\training\tdd_ws\pos2\pos2\pos.unitests\bin\debug\pos.unitests.dll" id="00503b65-dc94-056e-9ab0-8d44aa21a90a">
      <Execution timeOut="1800000" id="e2f70da8-47f6-4809-a9f6-4a7e39f2e8cd" />
      <TestMethod codeBase="d:/Training/TDD_WS/POS2/POS2/POS.UniTests/bin/Debug/POS.UniTests.DLL" adapterTypeName="Microsoft.VisualStudio.TestTools.TestTypes.Unit.UnitTestAdapter, Microsoft.VisualStudio.QualityTools.Tips.UnitTest.Adapter, Version=10.0.0.0, Culture=neutral, PublicKeyToken=b03f5f7f11d50a3a" className="POS.UniTests.PricePresenterTests, POS.UniTests, Version=1.0.0.0, Culture=neutral, PublicKeyToken=null" name="WhenInvalidBarcode_ErrorShown" />
    </UnitTest>
    <UnitTest name="When12345Scanned_10dot40Displayed" storage="d:\training\tdd_ws\pos2\pos2\pos.unitests\bin\debug\pos.unitests.dll" id="f978c5bb-0530-b7b4-76b2-1bb6c99e299e">
      <Execution timeOut="1800000" id="464e9d55-a636-43a2-bb3e-aadeb9e5ee9e" />
      <TestMethod codeBase="d:/Training/TDD_WS/POS2/POS2/POS.UniTests/bin/Debug/POS.UniTests.DLL" adapterTypeName="Microsoft.VisualStudio.TestTools.TestTypes.Unit.UnitTestAdapter, Microsoft.VisualStudio.QualityTools.Tips.UnitTest.Adapter, Version=10.0.0.0, Culture=neutral, PublicKeyToken=b03f5f7f11d50a3a" className="POS.UniTests.PricePresenterTests, POS.UniTests, Version=1.0.0.0, Culture=neutral, PublicKeyToken=null" name="When12345Scanned_10dot40Displayed" />
    </UnitTest>
    <UnitTest name="When5678Scanned_11dot56Displayed" storage="d:\training\tdd_ws\pos2\pos2\pos.unitests\bin\debug\pos.unitests.dll" id="3e5840db-2377-9056-881d-48e9717d78a5">
      <Execution timeOut="1800000" id="a2582c8c-e754-47f5-adbe-2dcf2054f3ca" />
      <TestMethod codeBase="d:/Training/TDD_WS/POS2/POS2/POS.UniTests/bin/Debug/POS.UniTests.DLL" adapterTypeName="Microsoft.VisualStudio.TestTools.TestTypes.Unit.UnitTestAdapter, Microsoft.VisualStudio.QualityTools.Tips.UnitTest.Adapter, Version=10.0.0.0, Culture=neutral, PublicKeyToken=b03f5f7f11d50a3a" className="POS.UniTests.PricePresenterTests, POS.UniTests, Version=1.0.0.0, Culture=neutral, PublicKeyToken=null" name="When5678Scanned_11dot56Displayed" />
    </UnitTest>
  </TestDefinitions>
  <TestLists>
    <TestList name="Results Not in a List" id="8c84fa94-04c1-424b-9868-57a2d4851a1d" />
    <TestList name="All Loaded Results" id="19431567-8539-422a-85d7-44ee4e166bda" />
  </TestLists>
  <TestEntries>
    <TestEntry testId="f978c5bb-0530-b7b4-76b2-1bb6c99e299e" executionId="464e9d55-a636-43a2-bb3e-aadeb9e5ee9e" testListId="8c84fa94-04c1-424b-9868-57a2d4851a1d" />
    <TestEntry testId="3e5840db-2377-9056-881d-48e9717d78a5" executionId="a2582c8c-e754-47f5-adbe-2dcf2054f3ca" testListId="8c84fa94-04c1-424b-9868-57a2d4851a1d" />
    <TestEntry testId="00503b65-dc94-056e-9ab0-8d44aa21a90a" executionId="e2f70da8-47f6-4809-a9f6-4a7e39f2e8cd" testListId="8c84fa94-04c1-424b-9868-57a2d4851a1d" />
  </TestEntries>
  <Results>
    <UnitTestResult executionId="464e9d55-a636-43a2-bb3e-aadeb9e5ee9e" testId="f978c5bb-0530-b7b4-76b2-1bb6c99e299e" testName="When12345Scanned_10dot40Displayed" computerName="ISDC20655" duration="00:00:00.4439405" startTime="2010-10-18T14:38:33.4484580+03:00" endTime="2010-10-18T14:38:33.9625094+03:00" testType="13cdc9d9-ddb5-4fa4-a97d-d965ccfc6d4b" outcome="Passed" testListId="8c84fa94-04c1-424b-9868-57a2d4851a1d" relativeResultsDirectory="464e9d55-a636-43a2-bb3e-aadeb9e5ee9e">
    </UnitTestResult>
    <UnitTestResult executionId="a2582c8c-e754-47f5-adbe-2dcf2054f3ca" testId="3e5840db-2377-9056-881d-48e9717d78a5" testName="When5678Scanned_11dot56Displayed" computerName="ISDC20655" duration="00:00:00.0037400" startTime="2010-10-18T14:38:33.9775109+03:00" endTime="2010-10-18T14:38:34.0005132+03:00" testType="13cdc9d9-ddb5-4fa4-a97d-d965ccfc6d4b" outcome="Passed" testListId="8c84fa94-04c1-424b-9868-57a2d4851a1d" relativeResultsDirectory="a2582c8c-e754-47f5-adbe-2dcf2054f3ca">
    </UnitTestResult>
    <UnitTestResult executionId="e2f70da8-47f6-4809-a9f6-4a7e39f2e8cd" testId="00503b65-dc94-056e-9ab0-8d44aa21a90a" testName="WhenInvalidBarcode_ErrorShown" computerName="ISDC20655" duration="00:00:00.0032836" startTime="2010-10-18T14:38:34.0025134+03:00" endTime="2010-10-18T14:38:34.0075139+03:00" testType="13cdc9d9-ddb5-4fa4-a97d-d965ccfc6d4b" outcome="Passed" testListId="8c84fa94-04c1-424b-9868-57a2d4851a1d" relativeResultsDirectory="e2f70da8-47f6-4809-a9f6-4a7e39f2e8cd">
    </UnitTestResult>
  </Results>
</TestRun>