<?xml version="1.0" encoding="UTF-8"?>
<TestRun id="839e5478-baa5-40f4-af2d-821a3ee442aa" name="florin.coros@ISDC20655 2010-10-18 13:57:38" runUser="ISDCNET\florin.coros" xmlns="http://microsoft.com/schemas/VisualStudio/TeamTest/2010">
  <TestSettings name="Local" id="458cc489-e0c0-47d6-bd63-6380afd613c8">
    <Description>These are default test settings for a local test run.</Description>
    <Deployment enabled="false" runDeploymentRoot="florin.coros_ISDC20655 2010-10-18 13_57_38" />
    <Execution>
      <TestTypeSpecific />
      <AgentRule name="Execution Agents">
      </AgentRule>
    </Execution>
  </TestSettings>
  <Times creation="2010-10-18T13:57:38.4069095+03:00" queuing="2010-10-18T13:57:38.7089095+03:00" start="2010-10-18T13:57:39.0389095+03:00" finish="2010-10-18T13:57:39.8439095+03:00" />
  <ResultSummary outcome="Failed">
    <Counters total="4" executed="4" passed="3" error="0" failed="1" timeout="0" aborted="0" inconclusive="0" passedButRunAborted="0" notRunnable="0" notExecuted="0" disconnected="0" warning="0" completed="0" inProgress="0" pending="0" />
  </ResultSummary>
  <TestDefinitions>
    <UnitTest name="WhenInvalidBarcode_ErrorShown" storage="d:\training\tdd_ws\pos2\pos2\pos.unitests\bin\debug\pos.unitests.dll" id="00503b65-dc94-056e-9ab0-8d44aa21a90a">
      <Execution timeOut="1800000" id="7445a131-b6ea-4ec2-b4f4-2f143c4f787a" />
      <TestMethod codeBase="d:/Training/TDD_WS/POS2/POS2/POS.UniTests/bin/Debug/POS.UniTests.DLL" adapterTypeName="Microsoft.VisualStudio.TestTools.TestTypes.Unit.UnitTestAdapter, Microsoft.VisualStudio.QualityTools.Tips.UnitTest.Adapter, Version=10.0.0.0, Culture=neutral, PublicKeyToken=b03f5f7f11d50a3a" className="POS.UniTests.PricePresenterTests, POS.UniTests, Version=1.0.0.0, Culture=neutral, PublicKeyToken=null" name="WhenInvalidBarcode_ErrorShown" />
    </UnitTest>
    <UnitTest name="When12345Scanned_10dot40Displayed" storage="d:\training\tdd_ws\pos2\pos2\pos.unitests\bin\debug\pos.unitests.dll" id="f978c5bb-0530-b7b4-76b2-1bb6c99e299e">
      <Execution timeOut="1800000" id="77c6b60b-9fef-428c-8424-4dcd912801ec" />
      <TestMethod codeBase="d:/Training/TDD_WS/POS2/POS2/POS.UniTests/bin/Debug/POS.UniTests.DLL" adapterTypeName="Microsoft.VisualStudio.TestTools.TestTypes.Unit.UnitTestAdapter, Microsoft.VisualStudio.QualityTools.Tips.UnitTest.Adapter, Version=10.0.0.0, Culture=neutral, PublicKeyToken=b03f5f7f11d50a3a" className="POS.UniTests.PricePresenterTests, POS.UniTests, Version=1.0.0.0, Culture=neutral, PublicKeyToken=null" name="When12345Scanned_10dot40Displayed" />
    </UnitTest>
    <UnitTest name="WhenScanned_PriceWithTaxDisplayed" storage="d:\training\tdd_ws\pos2\pos2\pos.unitests\bin\debug\pos.unitests.dll" id="cc998a16-bfb0-9c1c-08ae-566c20644d67">
      <Execution timeOut="1800000" id="5b5958db-0c8f-42b0-ac32-443d2e06b2a5" />
      <TestMethod codeBase="d:/Training/TDD_WS/POS2/POS2/POS.UniTests/bin/Debug/POS.UniTests.DLL" adapterTypeName="Microsoft.VisualStudio.TestTools.TestTypes.Unit.UnitTestAdapter, Microsoft.VisualStudio.QualityTools.Tips.UnitTest.Adapter, Version=10.0.0.0, Culture=neutral, PublicKeyToken=b03f5f7f11d50a3a" className="POS.UniTests.PricePresenterTests, POS.UniTests, Version=1.0.0.0, Culture=neutral, PublicKeyToken=null" name="WhenScanned_PriceWithTaxDisplayed" />
    </UnitTest>
    <UnitTest name="When5678Scanned_11dot56Displayed" storage="d:\training\tdd_ws\pos2\pos2\pos.unitests\bin\debug\pos.unitests.dll" id="3e5840db-2377-9056-881d-48e9717d78a5">
      <Execution timeOut="1800000" id="ac3e1c90-55f6-4c7c-8870-95697ca9780b" />
      <TestMethod codeBase="d:/Training/TDD_WS/POS2/POS2/POS.UniTests/bin/Debug/POS.UniTests.DLL" adapterTypeName="Microsoft.VisualStudio.TestTools.TestTypes.Unit.UnitTestAdapter, Microsoft.VisualStudio.QualityTools.Tips.UnitTest.Adapter, Version=10.0.0.0, Culture=neutral, PublicKeyToken=b03f5f7f11d50a3a" className="POS.UniTests.PricePresenterTests, POS.UniTests, Version=1.0.0.0, Culture=neutral, PublicKeyToken=null" name="When5678Scanned_11dot56Displayed" />
    </UnitTest>
  </TestDefinitions>
  <TestLists>
    <TestList name="Results Not in a List" id="8c84fa94-04c1-424b-9868-57a2d4851a1d" />
    <TestList name="All Loaded Results" id="19431567-8539-422a-85d7-44ee4e166bda" />
  </TestLists>
  <TestEntries>
    <TestEntry testId="f978c5bb-0530-b7b4-76b2-1bb6c99e299e" executionId="77c6b60b-9fef-428c-8424-4dcd912801ec" testListId="8c84fa94-04c1-424b-9868-57a2d4851a1d" />
    <TestEntry testId="3e5840db-2377-9056-881d-48e9717d78a5" executionId="ac3e1c90-55f6-4c7c-8870-95697ca9780b" testListId="8c84fa94-04c1-424b-9868-57a2d4851a1d" />
    <TestEntry testId="00503b65-dc94-056e-9ab0-8d44aa21a90a" executionId="7445a131-b6ea-4ec2-b4f4-2f143c4f787a" testListId="8c84fa94-04c1-424b-9868-57a2d4851a1d" />
    <TestEntry testId="cc998a16-bfb0-9c1c-08ae-566c20644d67" executionId="5b5958db-0c8f-42b0-ac32-443d2e06b2a5" testListId="8c84fa94-04c1-424b-9868-57a2d4851a1d" />
  </TestEntries>
  <Results>
    <UnitTestResult executionId="77c6b60b-9fef-428c-8424-4dcd912801ec" testId="f978c5bb-0530-b7b4-76b2-1bb6c99e299e" testName="When12345Scanned_10dot40Displayed" computerName="ISDC20655" duration="00:00:00.4899789" startTime="2010-10-18T13:57:39.1479095+03:00" endTime="2010-10-18T13:57:39.7059095+03:00" testType="13cdc9d9-ddb5-4fa4-a97d-d965ccfc6d4b" outcome="Passed" testListId="8c84fa94-04c1-424b-9868-57a2d4851a1d" relativeResultsDirectory="77c6b60b-9fef-428c-8424-4dcd912801ec">
    </UnitTestResult>
    <UnitTestResult executionId="ac3e1c90-55f6-4c7c-8870-95697ca9780b" testId="3e5840db-2377-9056-881d-48e9717d78a5" testName="When5678Scanned_11dot56Displayed" computerName="ISDC20655" duration="00:00:00.0064574" startTime="2010-10-18T13:57:39.7199095+03:00" endTime="2010-10-18T13:57:39.7279095+03:00" testType="13cdc9d9-ddb5-4fa4-a97d-d965ccfc6d4b" outcome="Passed" testListId="8c84fa94-04c1-424b-9868-57a2d4851a1d" relativeResultsDirectory="ac3e1c90-55f6-4c7c-8870-95697ca9780b">
    </UnitTestResult>
    <UnitTestResult executionId="7445a131-b6ea-4ec2-b4f4-2f143c4f787a" testId="00503b65-dc94-056e-9ab0-8d44aa21a90a" testName="WhenInvalidBarcode_ErrorShown" computerName="ISDC20655" duration="00:00:00.0029231" startTime="2010-10-18T13:57:39.7309095+03:00" endTime="2010-10-18T13:57:39.7419095+03:00" testType="13cdc9d9-ddb5-4fa4-a97d-d965ccfc6d4b" outcome="Passed" testListId="8c84fa94-04c1-424b-9868-57a2d4851a1d" relativeResultsDirectory="7445a131-b6ea-4ec2-b4f4-2f143c4f787a">
    </UnitTestResult>
    <UnitTestResult executionId="5b5958db-0c8f-42b0-ac32-443d2e06b2a5" testId="cc998a16-bfb0-9c1c-08ae-566c20644d67" testName="WhenScanned_PriceWithTaxDisplayed" computerName="ISDC20655" duration="00:00:00.0247241" startTime="2010-10-18T13:57:39.7449095+03:00" endTime="2010-10-18T13:57:39.7709095+03:00" testType="13cdc9d9-ddb5-4fa4-a97d-d965ccfc6d4b" outcome="Failed" testListId="8c84fa94-04c1-424b-9868-57a2d4851a1d" relativeResultsDirectory="5b5958db-0c8f-42b0-ac32-443d2e06b2a5">
      <Output>
        <ErrorInfo>
          <Message>Test method POS.UniTests.PricePresenterTests.WhenScanned_PriceWithTaxDisplayed threw exception: 
Moq.MockException: 
Expected invocation on the mock once, but was 0 times: p =&gt; p.ShowPrice(105)</Message>
          <StackTrace>    at Moq.Mock.ThrowVerifyException(IProxyCall expected, Expression expression, Times times, Int32 callCount)
   at Moq.Mock.VerifyCalls(Interceptor targetInterceptor, MethodCall expected, Expression expression, Times times)
   at Moq.Mock.Verify[T](Mock mock, Expression`1 expression, Times times, String failMessage)
   at Moq.Mock`1.Verify(Expression`1 expression, Times times)
   at POS.UniTests.PricePresenterTests.WhenScanned_PriceWithTaxDisplayed() in d:\Training\TDD_WS\POS2\POS2\POS.UniTests\PricePresenterTests.cs:line 65
</StackTrace>
        </ErrorInfo>
      </Output>
    </UnitTestResult>
  </Results>
</TestRun>