<?xml version="1.0" encoding="UTF-8"?>
<TestRun id="d4f929b4-65ba-4592-af81-69aaf0735d4a" name="florin.coros@ISDC20655 2010-10-18 14:41:55" runUser="ISDCNET\florin.coros" xmlns="http://microsoft.com/schemas/VisualStudio/TeamTest/2010">
  <TestSettings name="Local" id="458cc489-e0c0-47d6-bd63-6380afd613c8">
    <Description>These are default test settings for a local test run.</Description>
    <Deployment enabled="false" runDeploymentRoot="florin.coros_ISDC20655 2010-10-18 14_41_55" />
    <Execution>
      <TestTypeSpecific />
      <AgentRule name="Execution Agents">
      </AgentRule>
    </Execution>
  </TestSettings>
  <Times creation="2010-10-18T14:41:55.2806392+03:00" queuing="2010-10-18T14:41:55.5856697+03:00" start="2010-10-18T14:41:55.8897001+03:00" finish="2010-10-18T14:41:56.6037715+03:00" />
  <ResultSummary outcome="Failed">
    <Counters total="3" executed="3" passed="2" error="0" failed="1" timeout="0" aborted="0" inconclusive="0" passedButRunAborted="0" notRunnable="0" notExecuted="0" disconnected="0" warning="0" completed="0" inProgress="0" pending="0" />
  </ResultSummary>
  <TestDefinitions>
    <UnitTest name="WhenInvalidBarcode_ErrorShown" storage="d:\training\tdd_ws\pos2\pos2\pos.unitests\bin\debug\pos.unitests.dll" id="00503b65-dc94-056e-9ab0-8d44aa21a90a">
      <Execution timeOut="1800000" id="ae864a56-393c-437d-a741-396720268602" />
      <TestMethod codeBase="d:/Training/TDD_WS/POS2/POS2/POS.UniTests/bin/Debug/POS.UniTests.DLL" adapterTypeName="Microsoft.VisualStudio.TestTools.TestTypes.Unit.UnitTestAdapter, Microsoft.VisualStudio.QualityTools.Tips.UnitTest.Adapter, Version=10.0.0.0, Culture=neutral, PublicKeyToken=b03f5f7f11d50a3a" className="POS.UniTests.PricePresenterTests, POS.UniTests, Version=1.0.0.0, Culture=neutral, PublicKeyToken=null" name="WhenInvalidBarcode_ErrorShown" />
    </UnitTest>
    <UnitTest name="When12345Scanned_10dot40Displayed" storage="d:\training\tdd_ws\pos2\pos2\pos.unitests\bin\debug\pos.unitests.dll" id="f978c5bb-0530-b7b4-76b2-1bb6c99e299e">
      <Execution timeOut="1800000" id="1fc9f25e-aad2-4f58-9b29-c3787de6f488" />
      <TestMethod codeBase="d:/Training/TDD_WS/POS2/POS2/POS.UniTests/bin/Debug/POS.UniTests.DLL" adapterTypeName="Microsoft.VisualStudio.TestTools.TestTypes.Unit.UnitTestAdapter, Microsoft.VisualStudio.QualityTools.Tips.UnitTest.Adapter, Version=10.0.0.0, Culture=neutral, PublicKeyToken=b03f5f7f11d50a3a" className="POS.UniTests.PricePresenterTests, POS.UniTests, Version=1.0.0.0, Culture=neutral, PublicKeyToken=null" name="When12345Scanned_10dot40Displayed" />
    </UnitTest>
    <UnitTest name="When5678Scanned_11dot56Displayed" storage="d:\training\tdd_ws\pos2\pos2\pos.unitests\bin\debug\pos.unitests.dll" id="3e5840db-2377-9056-881d-48e9717d78a5">
      <Execution timeOut="1800000" id="4757b85d-b81b-4150-85f9-df545386da06" />
      <TestMethod codeBase="d:/Training/TDD_WS/POS2/POS2/POS.UniTests/bin/Debug/POS.UniTests.DLL" adapterTypeName="Microsoft.VisualStudio.TestTools.TestTypes.Unit.UnitTestAdapter, Microsoft.VisualStudio.QualityTools.Tips.UnitTest.Adapter, Version=10.0.0.0, Culture=neutral, PublicKeyToken=b03f5f7f11d50a3a" className="POS.UniTests.PricePresenterTests, POS.UniTests, Version=1.0.0.0, Culture=neutral, PublicKeyToken=null" name="When5678Scanned_11dot56Displayed" />
    </UnitTest>
  </TestDefinitions>
  <TestLists>
    <TestList name="Results Not in a List" id="8c84fa94-04c1-424b-9868-57a2d4851a1d" />
    <TestList name="All Loaded Results" id="19431567-8539-422a-85d7-44ee4e166bda" />
  </TestLists>
  <TestEntries>
    <TestEntry testId="f978c5bb-0530-b7b4-76b2-1bb6c99e299e" executionId="1fc9f25e-aad2-4f58-9b29-c3787de6f488" testListId="8c84fa94-04c1-424b-9868-57a2d4851a1d" />
    <TestEntry testId="3e5840db-2377-9056-881d-48e9717d78a5" executionId="4757b85d-b81b-4150-85f9-df545386da06" testListId="8c84fa94-04c1-424b-9868-57a2d4851a1d" />
    <TestEntry testId="00503b65-dc94-056e-9ab0-8d44aa21a90a" executionId="ae864a56-393c-437d-a741-396720268602" testListId="8c84fa94-04c1-424b-9868-57a2d4851a1d" />
  </TestEntries>
  <Results>
    <UnitTestResult executionId="1fc9f25e-aad2-4f58-9b29-c3787de6f488" testId="f978c5bb-0530-b7b4-76b2-1bb6c99e299e" testName="When12345Scanned_10dot40Displayed" computerName="ISDC20655" duration="00:00:00.3407560" startTime="2010-10-18T14:41:56.0317143+03:00" endTime="2010-10-18T14:41:56.4467558+03:00" testType="13cdc9d9-ddb5-4fa4-a97d-d965ccfc6d4b" outcome="Passed" testListId="8c84fa94-04c1-424b-9868-57a2d4851a1d" relativeResultsDirectory="1fc9f25e-aad2-4f58-9b29-c3787de6f488">
    </UnitTestResult>
    <UnitTestResult executionId="4757b85d-b81b-4150-85f9-df545386da06" testId="3e5840db-2377-9056-881d-48e9717d78a5" testName="When5678Scanned_11dot56Displayed" computerName="ISDC20655" duration="00:00:00.0527345" startTime="2010-10-18T14:41:56.4607572+03:00" endTime="2010-10-18T14:41:56.5197631+03:00" testType="13cdc9d9-ddb5-4fa4-a97d-d965ccfc6d4b" outcome="Failed" testListId="8c84fa94-04c1-424b-9868-57a2d4851a1d" relativeResultsDirectory="4757b85d-b81b-4150-85f9-df545386da06">
      <Output>
        <ErrorInfo>
          <Message>Test method POS.UniTests.PricePresenterTests.When5678Scanned_11dot56Displayed threw exception: 
Moq.MockException: 
Expected invocation on the mock once, but was 0 times: p =&gt; p.ShowPrice(11.56)</Message>
          <StackTrace>    at Moq.Mock.ThrowVerifyException(IProxyCall expected, Expression expression, Times times, Int32 callCount)
   at Moq.Mock.VerifyCalls(Interceptor targetInterceptor, MethodCall expected, Expression expression, Times times)
   at Moq.Mock.Verify[T](Mock mock, Expression`1 expression, Times times, String failMessage)
   at Moq.Mock`1.Verify(Expression`1 expression, Times times)
   at POS.UniTests.PricePresenterTests.When5678Scanned_11dot56Displayed() in d:\Training\TDD_WS\POS2\POS2\POS.UniTests\PricePresenterTests.cs:line 40
</StackTrace>
        </ErrorInfo>
      </Output>
    </UnitTestResult>
    <UnitTestResult executionId="ae864a56-393c-437d-a741-396720268602" testId="00503b65-dc94-056e-9ab0-8d44aa21a90a" testName="WhenInvalidBarcode_ErrorShown" computerName="ISDC20655" duration="00:00:00.0036305" startTime="2010-10-18T14:41:56.5227634+03:00" endTime="2010-10-18T14:41:56.5277639+03:00" testType="13cdc9d9-ddb5-4fa4-a97d-d965ccfc6d4b" outcome="Passed" testListId="8c84fa94-04c1-424b-9868-57a2d4851a1d" relativeResultsDirectory="ae864a56-393c-437d-a741-396720268602">
    </UnitTestResult>
  </Results>
</TestRun>