<?xml version="1.0" encoding="UTF-8"?>
<TestRun id="514896db-6332-4103-a512-b33f6706d6e3" name="florin.coros@ISDC20655 2010-10-19 16:11:41" runUser="ISDCNET\florin.coros" xmlns="http://microsoft.com/schemas/VisualStudio/TeamTest/2010">
  <TestSettings name="Local" id="458cc489-e0c0-47d6-bd63-6380afd613c8">
    <Description>These are default test settings for a local test run.</Description>
    <Deployment enabled="false" runDeploymentRoot="florin.coros_ISDC20655 2010-10-19 16_11_41" />
    <Execution>
      <TestTypeSpecific />
      <AgentRule name="Execution Agents">
      </AgentRule>
    </Execution>
  </TestSettings>
  <Times creation="2010-10-19T16:11:41.3573862+03:00" queuing="2010-10-19T16:11:41.6494154+03:00" start="2010-10-19T16:11:42.0374542+03:00" finish="2010-10-19T16:11:43.0045509+03:00" />
  <ResultSummary outcome="Completed">
    <Counters total="5" executed="5" passed="5" error="0" failed="0" timeout="0" aborted="0" inconclusive="0" passedButRunAborted="0" notRunnable="0" notExecuted="0" disconnected="0" warning="0" completed="0" inProgress="0" pending="0" />
  </ResultSummary>
  <TestDefinitions>
    <UnitTest name="WhenScanned_TaxCalculatorCalled" storage="d:\training\tdd_ws\pos2\pos2\pos.unitests\bin\debug\pos.unitests.dll" id="06cd68ae-17ba-8ac0-9dc3-5dce0b2dd6e1">
      <Execution timeOut="1800000" id="fe09ceda-c6af-4f48-9846-b38aebcda979" />
      <TestMethod codeBase="D:/Training/TDD_WS/POS2/POS2/POS.UniTests/bin/Debug/POS.UniTests.DLL" adapterTypeName="Microsoft.VisualStudio.TestTools.TestTypes.Unit.UnitTestAdapter, Microsoft.VisualStudio.QualityTools.Tips.UnitTest.Adapter, Version=10.0.0.0, Culture=neutral, PublicKeyToken=b03f5f7f11d50a3a" className="POS.UniTests.PricePresenterTests, POS.UniTests, Version=1.0.0.0, Culture=neutral, PublicKeyToken=null" name="WhenScanned_TaxCalculatorCalled" />
    </UnitTest>
    <UnitTest name="WhenScanned_NotExistentProduct_ErrorShown" storage="d:\training\tdd_ws\pos2\pos2\pos.unitests\bin\debug\pos.unitests.dll" id="0241e99e-4577-097f-5cc3-06329f34fae3">
      <Execution timeOut="1800000" id="13f2fb37-b131-4598-bf39-679a03ad8320" />
      <TestMethod codeBase="D:/Training/TDD_WS/POS2/POS2/POS.UniTests/bin/Debug/POS.UniTests.DLL" adapterTypeName="Microsoft.VisualStudio.TestTools.TestTypes.Unit.UnitTestAdapter, Microsoft.VisualStudio.QualityTools.Tips.UnitTest.Adapter, Version=10.0.0.0, Culture=neutral, PublicKeyToken=b03f5f7f11d50a3a" className="POS.UniTests.PricePresenterTests, POS.UniTests, Version=1.0.0.0, Culture=neutral, PublicKeyToken=null" name="WhenScanned_NotExistentProduct_ErrorShown" />
    </UnitTest>
    <UnitTest name="ShowPrice_WhenCalled_PriceDisplayed" storage="d:\training\tdd_ws\pos2\pos2\pos.unitests\bin\debug\pos.unitests.dll" id="4623e387-be1e-90c1-cb0a-e564f1c16395">
      <Execution timeOut="1800000" id="5ab2fcfd-6365-4721-8cd4-7557fabbfbd6" />
      <TestMethod codeBase="D:/Training/TDD_WS/POS2/POS2/POS.UniTests/bin/Debug/POS.UniTests.DLL" adapterTypeName="Microsoft.VisualStudio.TestTools.TestTypes.Unit.UnitTestAdapter, Microsoft.VisualStudio.QualityTools.Tips.UnitTest.Adapter, Version=10.0.0.0, Culture=neutral, PublicKeyToken=b03f5f7f11d50a3a" className="POS.UniTests.PriceDisplayTests, POS.UniTests, Version=1.0.0.0, Culture=neutral, PublicKeyToken=null" name="ShowPrice_WhenCalled_PriceDisplayed" />
    </UnitTest>
    <UnitTest name="WhenProvincialScanned_CalculatorCalledWithProvincialTax" storage="d:\training\tdd_ws\pos2\pos2\pos.unitests\bin\debug\pos.unitests.dll" id="31639541-f615-18f1-9d25-f9e9646b5450">
      <Execution timeOut="1800000" id="c19774f6-471c-4189-b66c-5132e27e8d8a" />
      <TestMethod codeBase="D:/Training/TDD_WS/POS2/POS2/POS.UniTests/bin/Debug/POS.UniTests.DLL" adapterTypeName="Microsoft.VisualStudio.TestTools.TestTypes.Unit.UnitTestAdapter, Microsoft.VisualStudio.QualityTools.Tips.UnitTest.Adapter, Version=10.0.0.0, Culture=neutral, PublicKeyToken=b03f5f7f11d50a3a" className="POS.UniTests.PricePresenterTests, POS.UniTests, Version=1.0.0.0, Culture=neutral, PublicKeyToken=null" name="WhenProvincialScanned_CalculatorCalledWithProvincialTax" />
    </UnitTest>
    <UnitTest name="WhenScanned_ExistentProduct_CatalogPriceDisplayed" storage="d:\training\tdd_ws\pos2\pos2\pos.unitests\bin\debug\pos.unitests.dll" id="06e382d9-e9f4-9f07-a785-df7ed089442b">
      <Execution timeOut="1800000" id="a4448487-b73f-4dbd-a97c-a21fadc777fc" />
      <TestMethod codeBase="D:/Training/TDD_WS/POS2/POS2/POS.UniTests/bin/Debug/POS.UniTests.DLL" adapterTypeName="Microsoft.VisualStudio.TestTools.TestTypes.Unit.UnitTestAdapter, Microsoft.VisualStudio.QualityTools.Tips.UnitTest.Adapter, Version=10.0.0.0, Culture=neutral, PublicKeyToken=b03f5f7f11d50a3a" className="POS.UniTests.PricePresenterTests, POS.UniTests, Version=1.0.0.0, Culture=neutral, PublicKeyToken=null" name="WhenScanned_ExistentProduct_CatalogPriceDisplayed" />
    </UnitTest>
  </TestDefinitions>
  <TestLists>
    <TestList name="Results Not in a List" id="8c84fa94-04c1-424b-9868-57a2d4851a1d" />
    <TestList name="All Loaded Results" id="19431567-8539-422a-85d7-44ee4e166bda" />
  </TestLists>
  <TestEntries>
    <TestEntry testId="4623e387-be1e-90c1-cb0a-e564f1c16395" executionId="5ab2fcfd-6365-4721-8cd4-7557fabbfbd6" testListId="8c84fa94-04c1-424b-9868-57a2d4851a1d" />
    <TestEntry testId="31639541-f615-18f1-9d25-f9e9646b5450" executionId="c19774f6-471c-4189-b66c-5132e27e8d8a" testListId="8c84fa94-04c1-424b-9868-57a2d4851a1d" />
    <TestEntry testId="06e382d9-e9f4-9f07-a785-df7ed089442b" executionId="a4448487-b73f-4dbd-a97c-a21fadc777fc" testListId="8c84fa94-04c1-424b-9868-57a2d4851a1d" />
    <TestEntry testId="0241e99e-4577-097f-5cc3-06329f34fae3" executionId="13f2fb37-b131-4598-bf39-679a03ad8320" testListId="8c84fa94-04c1-424b-9868-57a2d4851a1d" />
    <TestEntry testId="06cd68ae-17ba-8ac0-9dc3-5dce0b2dd6e1" executionId="fe09ceda-c6af-4f48-9846-b38aebcda979" testListId="8c84fa94-04c1-424b-9868-57a2d4851a1d" />
  </TestEntries>
  <Results>
    <UnitTestResult executionId="5ab2fcfd-6365-4721-8cd4-7557fabbfbd6" testId="4623e387-be1e-90c1-cb0a-e564f1c16395" testName="ShowPrice_WhenCalled_PriceDisplayed" computerName="ISDC20655" duration="00:00:00.2524013" startTime="2010-10-19T16:11:42.0874592+03:00" endTime="2010-10-19T16:11:42.4104915+03:00" testType="13cdc9d9-ddb5-4fa4-a97d-d965ccfc6d4b" outcome="Passed" testListId="8c84fa94-04c1-424b-9868-57a2d4851a1d" relativeResultsDirectory="5ab2fcfd-6365-4721-8cd4-7557fabbfbd6">
    </UnitTestResult>
    <UnitTestResult executionId="c19774f6-471c-4189-b66c-5132e27e8d8a" testId="31639541-f615-18f1-9d25-f9e9646b5450" testName="WhenProvincialScanned_CalculatorCalledWithProvincialTax" computerName="ISDC20655" duration="00:00:00.4650313" startTime="2010-10-19T16:11:42.4134918+03:00" endTime="2010-10-19T16:11:42.8825387+03:00" testType="13cdc9d9-ddb5-4fa4-a97d-d965ccfc6d4b" outcome="Passed" testListId="8c84fa94-04c1-424b-9868-57a2d4851a1d" relativeResultsDirectory="c19774f6-471c-4189-b66c-5132e27e8d8a">
    </UnitTestResult>
    <UnitTestResult executionId="a4448487-b73f-4dbd-a97c-a21fadc777fc" testId="06e382d9-e9f4-9f07-a785-df7ed089442b" testName="WhenScanned_ExistentProduct_CatalogPriceDisplayed" computerName="ISDC20655" duration="00:00:00.0171347" startTime="2010-10-19T16:11:42.8845389+03:00" endTime="2010-10-19T16:11:42.9045409+03:00" testType="13cdc9d9-ddb5-4fa4-a97d-d965ccfc6d4b" outcome="Passed" testListId="8c84fa94-04c1-424b-9868-57a2d4851a1d" relativeResultsDirectory="a4448487-b73f-4dbd-a97c-a21fadc777fc">
    </UnitTestResult>
    <UnitTestResult executionId="13f2fb37-b131-4598-bf39-679a03ad8320" testId="0241e99e-4577-097f-5cc3-06329f34fae3" testName="WhenScanned_NotExistentProduct_ErrorShown" computerName="ISDC20655" duration="00:00:00.0081387" startTime="2010-10-19T16:11:42.9075412+03:00" endTime="2010-10-19T16:11:42.9215426+03:00" testType="13cdc9d9-ddb5-4fa4-a97d-d965ccfc6d4b" outcome="Passed" testListId="8c84fa94-04c1-424b-9868-57a2d4851a1d" relativeResultsDirectory="13f2fb37-b131-4598-bf39-679a03ad8320">
    </UnitTestResult>
    <UnitTestResult executionId="fe09ceda-c6af-4f48-9846-b38aebcda979" testId="06cd68ae-17ba-8ac0-9dc3-5dce0b2dd6e1" testName="WhenScanned_TaxCalculatorCalled" computerName="ISDC20655" duration="00:00:00.0014324" startTime="2010-10-19T16:11:42.9265431+03:00" endTime="2010-10-19T16:11:42.9295434+03:00" testType="13cdc9d9-ddb5-4fa4-a97d-d965ccfc6d4b" outcome="Passed" testListId="8c84fa94-04c1-424b-9868-57a2d4851a1d" relativeResultsDirectory="fe09ceda-c6af-4f48-9846-b38aebcda979">
    </UnitTestResult>
  </Results>
</TestRun>