<?xml version="1.0" encoding="UTF-8"?>
<TestRun id="3e08f8d6-f928-4ead-b74d-64e1ab3f1bcd" name="florin.coros@ISDC20655 2010-10-18 12:33:02" runUser="ISDCNET\florin.coros" xmlns="http://microsoft.com/schemas/VisualStudio/TeamTest/2010">
  <TestSettings name="Local" id="458cc489-e0c0-47d6-bd63-6380afd613c8">
    <Description>These are default test settings for a local test run.</Description>
    <Deployment enabled="false" runDeploymentRoot="florin.coros_ISDC20655 2010-10-18 12_33_02" />
    <Execution>
      <TestTypeSpecific />
      <AgentRule name="Execution Agents">
      </AgentRule>
    </Execution>
  </TestSettings>
  <Times creation="2010-10-18T12:33:02.7404390+03:00" queuing="2010-10-18T12:33:03.0994749+03:00" start="2010-10-18T12:33:03.3454995+03:00" finish="2010-10-18T12:33:04.1615811+03:00" />
  <ResultSummary outcome="Failed">
    <Counters total="2" executed="2" error="0" failed="2" timeout="0" aborted="0" inconclusive="0" passedButRunAborted="0" notRunnable="0" notExecuted="0" disconnected="0" warning="0" passed="0" completed="0" inProgress="0" pending="0" />
  </ResultSummary>
  <TestDefinitions>
    <UnitTest name="When12345Scanned_10dot40Displayed" storage="d:\training\tdd_ws\pos2\pos2\pos.unitests\bin\debug\pos.unitests.dll" id="f978c5bb-0530-b7b4-76b2-1bb6c99e299e">
      <Execution timeOut="1800000" id="3f1b5351-ba2a-4249-9771-ec67b3864a4d" />
      <TestMethod codeBase="d:/Training/TDD_WS/POS2/POS2/POS.UniTests/bin/Debug/POS.UniTests.DLL" adapterTypeName="Microsoft.VisualStudio.TestTools.TestTypes.Unit.UnitTestAdapter, Microsoft.VisualStudio.QualityTools.Tips.UnitTest.Adapter, Version=10.0.0.0, Culture=neutral, PublicKeyToken=b03f5f7f11d50a3a" className="POS.UniTests.PricePresenterTests, POS.UniTests, Version=1.0.0.0, Culture=neutral, PublicKeyToken=null" name="When12345Scanned_10dot40Displayed" />
    </UnitTest>
    <UnitTest name="When5678Scanned_11dot56Displayed" storage="d:\training\tdd_ws\pos2\pos2\pos.unitests\bin\debug\pos.unitests.dll" id="3e5840db-2377-9056-881d-48e9717d78a5">
      <Execution timeOut="1800000" id="83f0409e-9b02-4d1b-bdbd-6e7f78932e97" />
      <TestMethod codeBase="d:/Training/TDD_WS/POS2/POS2/POS.UniTests/bin/Debug/POS.UniTests.DLL" adapterTypeName="Microsoft.VisualStudio.TestTools.TestTypes.Unit.UnitTestAdapter, Microsoft.VisualStudio.QualityTools.Tips.UnitTest.Adapter, Version=10.0.0.0, Culture=neutral, PublicKeyToken=b03f5f7f11d50a3a" className="POS.UniTests.PricePresenterTests, POS.UniTests, Version=1.0.0.0, Culture=neutral, PublicKeyToken=null" name="When5678Scanned_11dot56Displayed" />
    </UnitTest>
  </TestDefinitions>
  <TestLists>
    <TestList name="Results Not in a List" id="8c84fa94-04c1-424b-9868-57a2d4851a1d" />
    <TestList name="All Loaded Results" id="19431567-8539-422a-85d7-44ee4e166bda" />
  </TestLists>
  <TestEntries>
    <TestEntry testId="f978c5bb-0530-b7b4-76b2-1bb6c99e299e" executionId="3f1b5351-ba2a-4249-9771-ec67b3864a4d" testListId="8c84fa94-04c1-424b-9868-57a2d4851a1d" />
    <TestEntry testId="3e5840db-2377-9056-881d-48e9717d78a5" executionId="83f0409e-9b02-4d1b-bdbd-6e7f78932e97" testListId="8c84fa94-04c1-424b-9868-57a2d4851a1d" />
  </TestEntries>
  <Results>
    <UnitTestResult executionId="3f1b5351-ba2a-4249-9771-ec67b3864a4d" testId="f978c5bb-0530-b7b4-76b2-1bb6c99e299e" testName="When12345Scanned_10dot40Displayed" computerName="ISDC20655" duration="00:00:00.4560183" startTime="2010-10-18T12:33:03.5295179+03:00" endTime="2010-10-18T12:33:04.0545704+03:00" testType="13cdc9d9-ddb5-4fa4-a97d-d965ccfc6d4b" outcome="Failed" testListId="8c84fa94-04c1-424b-9868-57a2d4851a1d" relativeResultsDirectory="3f1b5351-ba2a-4249-9771-ec67b3864a4d">
      <Output>
        <ErrorInfo>
          <Message>Assert.AreEqual failed. Expected:&lt;10.40&gt;. Actual:&lt;(null)&gt;. </Message>
          <StackTrace>   at POS.UniTests.PricePresenterTests.When12345Scanned_10dot40Displayed() in d:\Training\TDD_WS\POS2\POS2\POS.UniTests\PricePresenterTests.cs:line 24
</StackTrace>
        </ErrorInfo>
      </Output>
    </UnitTestResult>
    <UnitTestResult executionId="83f0409e-9b02-4d1b-bdbd-6e7f78932e97" testId="3e5840db-2377-9056-881d-48e9717d78a5" testName="When5678Scanned_11dot56Displayed" computerName="ISDC20655" duration="00:00:00.0038551" startTime="2010-10-18T12:33:04.0685718+03:00" endTime="2010-10-18T12:33:04.0735723+03:00" testType="13cdc9d9-ddb5-4fa4-a97d-d965ccfc6d4b" outcome="Failed" testListId="8c84fa94-04c1-424b-9868-57a2d4851a1d" relativeResultsDirectory="83f0409e-9b02-4d1b-bdbd-6e7f78932e97">
      <Output>
        <ErrorInfo>
          <Message>Assert.AreEqual failed. Expected:&lt;11.56&gt;. Actual:&lt;(null)&gt;. </Message>
          <StackTrace>   at POS.UniTests.PricePresenterTests.When5678Scanned_11dot56Displayed() in d:\Training\TDD_WS\POS2\POS2\POS.UniTests\PricePresenterTests.cs:line 41
</StackTrace>
        </ErrorInfo>
      </Output>
    </UnitTestResult>
  </Results>
</TestRun>