<?xml version="1.0" encoding="UTF-8"?>
<TestRun id="51ae55c2-e4fd-4a97-bb22-880ca4cef884" name="florin.coros@ISDC20655 2010-10-18 16:32:06" runUser="ISDCNET\florin.coros" xmlns="http://microsoft.com/schemas/VisualStudio/TeamTest/2010">
  <TestSettings name="Local" id="458cc489-e0c0-47d6-bd63-6380afd613c8">
    <Description>These are default test settings for a local test run.</Description>
    <Deployment enabled="false" runDeploymentRoot="florin.coros_ISDC20655 2010-10-18 16_32_06" />
    <Execution>
      <TestTypeSpecific />
      <AgentRule name="Execution Agents">
      </AgentRule>
    </Execution>
  </TestSettings>
  <Times creation="2010-10-18T16:32:06.0830817+03:00" queuing="2010-10-18T16:32:06.3861120+03:00" start="2010-10-18T16:32:06.7051439+03:00" finish="2010-10-18T16:32:07.5142248+03:00" />
  <ResultSummary outcome="Failed">
    <Counters total="4" executed="4" passed="3" error="0" failed="1" timeout="0" aborted="0" inconclusive="0" passedButRunAborted="0" notRunnable="0" notExecuted="0" disconnected="0" warning="0" completed="0" inProgress="0" pending="0" />
  </ResultSummary>
  <TestDefinitions>
    <UnitTest name="WhenScanned_ProvincialAndFederalTaxDisplayed" storage="d:\training\tdd_ws\pos2\pos2\pos.unitests\bin\debug\pos.unitests.dll" id="5790517d-cd68-5f6b-486a-fd613832cff6">
      <Execution timeOut="1800000" id="0e5c466a-2ea8-44e1-abe2-fc38bc6be4c8" />
      <TestMethod codeBase="d:/Training/TDD_WS/POS2/POS2/POS.UniTests/bin/Debug/POS.UniTests.DLL" adapterTypeName="Microsoft.VisualStudio.TestTools.TestTypes.Unit.UnitTestAdapter, Microsoft.VisualStudio.QualityTools.Tips.UnitTest.Adapter, Version=10.0.0.0, Culture=neutral, PublicKeyToken=b03f5f7f11d50a3a" className="POS.UniTests.PricePresenterTests, POS.UniTests, Version=1.0.0.0, Culture=neutral, PublicKeyToken=null" name="WhenScanned_ProvincialAndFederalTaxDisplayed" />
    </UnitTest>
    <UnitTest name="WhenScanned_PriceWithFederalTaxDisplayed" storage="d:\training\tdd_ws\pos2\pos2\pos.unitests\bin\debug\pos.unitests.dll" id="9e466bff-7acc-dc21-27a0-13d1f9e7e6eb">
      <Execution timeOut="1800000" id="06183ade-7a3f-4c90-a26c-3226f3d8110a" />
      <TestMethod codeBase="d:/Training/TDD_WS/POS2/POS2/POS.UniTests/bin/Debug/POS.UniTests.DLL" adapterTypeName="Microsoft.VisualStudio.TestTools.TestTypes.Unit.UnitTestAdapter, Microsoft.VisualStudio.QualityTools.Tips.UnitTest.Adapter, Version=10.0.0.0, Culture=neutral, PublicKeyToken=b03f5f7f11d50a3a" className="POS.UniTests.PricePresenterTests, POS.UniTests, Version=1.0.0.0, Culture=neutral, PublicKeyToken=null" name="WhenScanned_PriceWithFederalTaxDisplayed" />
    </UnitTest>
    <UnitTest name="WhenInvalidBarcode_ErrorShown" storage="d:\training\tdd_ws\pos2\pos2\pos.unitests\bin\debug\pos.unitests.dll" id="00503b65-dc94-056e-9ab0-8d44aa21a90a">
      <Execution timeOut="1800000" id="cdb0fb39-16cf-495a-9523-af524100ce22" />
      <TestMethod codeBase="d:/Training/TDD_WS/POS2/POS2/POS.UniTests/bin/Debug/POS.UniTests.DLL" adapterTypeName="Microsoft.VisualStudio.TestTools.TestTypes.Unit.UnitTestAdapter, Microsoft.VisualStudio.QualityTools.Tips.UnitTest.Adapter, Version=10.0.0.0, Culture=neutral, PublicKeyToken=b03f5f7f11d50a3a" className="POS.UniTests.PricePresenterTests, POS.UniTests, Version=1.0.0.0, Culture=neutral, PublicKeyToken=null" name="WhenInvalidBarcode_ErrorShown" />
    </UnitTest>
    <UnitTest name="WhenScanned_PriceDisplayed" storage="d:\training\tdd_ws\pos2\pos2\pos.unitests\bin\debug\pos.unitests.dll" id="5bc4a45e-38a8-7118-e2f3-30876582aabf">
      <Execution timeOut="1800000" id="92e114a9-ed47-4f2e-b0ad-ee231893f751" />
      <TestMethod codeBase="d:/Training/TDD_WS/POS2/POS2/POS.UniTests/bin/Debug/POS.UniTests.DLL" adapterTypeName="Microsoft.VisualStudio.TestTools.TestTypes.Unit.UnitTestAdapter, Microsoft.VisualStudio.QualityTools.Tips.UnitTest.Adapter, Version=10.0.0.0, Culture=neutral, PublicKeyToken=b03f5f7f11d50a3a" className="POS.UniTests.PricePresenterTests, POS.UniTests, Version=1.0.0.0, Culture=neutral, PublicKeyToken=null" name="WhenScanned_PriceDisplayed" />
    </UnitTest>
  </TestDefinitions>
  <TestLists>
    <TestList name="Results Not in a List" id="8c84fa94-04c1-424b-9868-57a2d4851a1d" />
    <TestList name="All Loaded Results" id="19431567-8539-422a-85d7-44ee4e166bda" />
  </TestLists>
  <TestEntries>
    <TestEntry testId="00503b65-dc94-056e-9ab0-8d44aa21a90a" executionId="cdb0fb39-16cf-495a-9523-af524100ce22" testListId="8c84fa94-04c1-424b-9868-57a2d4851a1d" />
    <TestEntry testId="5bc4a45e-38a8-7118-e2f3-30876582aabf" executionId="92e114a9-ed47-4f2e-b0ad-ee231893f751" testListId="8c84fa94-04c1-424b-9868-57a2d4851a1d" />
    <TestEntry testId="9e466bff-7acc-dc21-27a0-13d1f9e7e6eb" executionId="06183ade-7a3f-4c90-a26c-3226f3d8110a" testListId="8c84fa94-04c1-424b-9868-57a2d4851a1d" />
    <TestEntry testId="5790517d-cd68-5f6b-486a-fd613832cff6" executionId="0e5c466a-2ea8-44e1-abe2-fc38bc6be4c8" testListId="8c84fa94-04c1-424b-9868-57a2d4851a1d" />
  </TestEntries>
  <Results>
    <UnitTestResult executionId="cdb0fb39-16cf-495a-9523-af524100ce22" testId="00503b65-dc94-056e-9ab0-8d44aa21a90a" testName="WhenInvalidBarcode_ErrorShown" computerName="ISDC20655" duration="00:00:00.4419840" startTime="2010-10-18T16:32:06.8511585+03:00" endTime="2010-10-18T16:32:07.3642098+03:00" testType="13cdc9d9-ddb5-4fa4-a97d-d965ccfc6d4b" outcome="Passed" testListId="8c84fa94-04c1-424b-9868-57a2d4851a1d" relativeResultsDirectory="cdb0fb39-16cf-495a-9523-af524100ce22">
    </UnitTestResult>
    <UnitTestResult executionId="92e114a9-ed47-4f2e-b0ad-ee231893f751" testId="5bc4a45e-38a8-7118-e2f3-30876582aabf" testName="WhenScanned_PriceDisplayed" computerName="ISDC20655" duration="00:00:00.0098536" startTime="2010-10-18T16:32:07.3912125+03:00" endTime="2010-10-18T16:32:07.4022136+03:00" testType="13cdc9d9-ddb5-4fa4-a97d-d965ccfc6d4b" outcome="Passed" testListId="8c84fa94-04c1-424b-9868-57a2d4851a1d" relativeResultsDirectory="92e114a9-ed47-4f2e-b0ad-ee231893f751">
    </UnitTestResult>
    <UnitTestResult executionId="06183ade-7a3f-4c90-a26c-3226f3d8110a" testId="9e466bff-7acc-dc21-27a0-13d1f9e7e6eb" testName="WhenScanned_PriceWithFederalTaxDisplayed" computerName="ISDC20655" duration="00:00:00.0036301" startTime="2010-10-18T16:32:07.4082142+03:00" endTime="2010-10-18T16:32:07.4122146+03:00" testType="13cdc9d9-ddb5-4fa4-a97d-d965ccfc6d4b" outcome="Passed" testListId="8c84fa94-04c1-424b-9868-57a2d4851a1d" relativeResultsDirectory="06183ade-7a3f-4c90-a26c-3226f3d8110a">
    </UnitTestResult>
    <UnitTestResult executionId="0e5c466a-2ea8-44e1-abe2-fc38bc6be4c8" testId="5790517d-cd68-5f6b-486a-fd613832cff6" testName="WhenScanned_ProvincialAndFederalTaxDisplayed" computerName="ISDC20655" duration="00:00:00.0251065" startTime="2010-10-18T16:32:07.4152149+03:00" endTime="2010-10-18T16:32:07.4412175+03:00" testType="13cdc9d9-ddb5-4fa4-a97d-d965ccfc6d4b" outcome="Failed" testListId="8c84fa94-04c1-424b-9868-57a2d4851a1d" relativeResultsDirectory="0e5c466a-2ea8-44e1-abe2-fc38bc6be4c8">
      <Output>
        <ErrorInfo>
          <Message>Test method POS.UniTests.PricePresenterTests.WhenScanned_ProvincialAndFederalTaxDisplayed threw exception: 
Moq.MockException: 
Expected invocation on the mock once, but was 0 times: p =&gt; p.ShowPrice(113)</Message>
          <StackTrace>    at Moq.Mock.ThrowVerifyException(IProxyCall expected, Expression expression, Times times, Int32 callCount)
   at Moq.Mock.VerifyCalls(Interceptor targetInterceptor, MethodCall expected, Expression expression, Times times)
   at Moq.Mock.Verify[T](Mock mock, Expression`1 expression, Times times, String failMessage)
   at Moq.Mock`1.Verify(Expression`1 expression, Times times)
   at POS.UniTests.PricePresenterTests.WhenScanned_ProvincialAndFederalTaxDisplayed() in d:\Training\TDD_WS\POS2\POS2\POS.UniTests\PricePresenterTests.cs:line 73
</StackTrace>
        </ErrorInfo>
      </Output>
    </UnitTestResult>
  </Results>
</TestRun>