<?xml version="1.0" encoding="UTF-8"?>
<TestRun id="8c42ff99-a3a3-4a1e-b430-ca3585cac194" name="florin.coros@ISDC20655 2010-10-18 14:02:29" runUser="ISDCNET\florin.coros" xmlns="http://microsoft.com/schemas/VisualStudio/TeamTest/2010">
  <TestSettings name="Local" id="458cc489-e0c0-47d6-bd63-6380afd613c8">
    <Description>These are default test settings for a local test run.</Description>
    <Deployment enabled="false" runDeploymentRoot="florin.coros_ISDC20655 2010-10-18 14_02_29" />
    <Execution>
      <TestTypeSpecific />
      <AgentRule name="Execution Agents">
      </AgentRule>
    </Execution>
  </TestSettings>
  <Times creation="2010-10-18T14:02:29.9359095+03:00" queuing="2010-10-18T14:02:30.2359095+03:00" start="2010-10-18T14:02:30.5049095+03:00" finish="2010-10-18T14:02:31.2729095+03:00" />
  <ResultSummary outcome="Completed">
    <Counters total="1" executed="1" passed="1" error="0" failed="0" timeout="0" aborted="0" inconclusive="0" passedButRunAborted="0" notRunnable="0" notExecuted="0" disconnected="0" warning="0" completed="0" inProgress="0" pending="0" />
  </ResultSummary>
  <TestDefinitions>
    <UnitTest name="WhenScanned_PriceWithFederalTaxDisplayed" storage="d:\training\tdd_ws\pos2\pos2\pos.unitests\bin\debug\pos.unitests.dll" id="9e466bff-7acc-dc21-27a0-13d1f9e7e6eb">
      <Execution timeOut="1800000" id="e1a44801-5584-4e25-87b5-c095ad527c0b" />
      <TestMethod codeBase="d:/Training/TDD_WS/POS2/POS2/POS.UniTests/bin/Debug/POS.UniTests.DLL" adapterTypeName="Microsoft.VisualStudio.TestTools.TestTypes.Unit.UnitTestAdapter, Microsoft.VisualStudio.QualityTools.Tips.UnitTest.Adapter, Version=10.0.0.0, Culture=neutral, PublicKeyToken=b03f5f7f11d50a3a" className="POS.UniTests.PricePresenterTests, POS.UniTests, Version=1.0.0.0, Culture=neutral, PublicKeyToken=null" name="WhenScanned_PriceWithFederalTaxDisplayed" />
    </UnitTest>
  </TestDefinitions>
  <TestLists>
    <TestList name="Results Not in a List" id="8c84fa94-04c1-424b-9868-57a2d4851a1d" />
    <TestList name="All Loaded Results" id="19431567-8539-422a-85d7-44ee4e166bda" />
  </TestLists>
  <TestEntries>
    <TestEntry testId="9e466bff-7acc-dc21-27a0-13d1f9e7e6eb" executionId="e1a44801-5584-4e25-87b5-c095ad527c0b" testListId="8c84fa94-04c1-424b-9868-57a2d4851a1d" />
  </TestEntries>
  <Results>
    <UnitTestResult executionId="e1a44801-5584-4e25-87b5-c095ad527c0b" testId="9e466bff-7acc-dc21-27a0-13d1f9e7e6eb" testName="WhenScanned_PriceWithFederalTaxDisplayed" computerName="ISDC20655" duration="00:00:00.4492730" startTime="2010-10-18T14:02:30.6599095+03:00" endTime="2010-10-18T14:02:31.1759095+03:00" testType="13cdc9d9-ddb5-4fa4-a97d-d965ccfc6d4b" outcome="Passed" testListId="8c84fa94-04c1-424b-9868-57a2d4851a1d" relativeResultsDirectory="e1a44801-5584-4e25-87b5-c095ad527c0b">
    </UnitTestResult>
  </Results>
</TestRun>