<?xml version="1.0" encoding="UTF-8"?>
<TestRun id="98a95f0d-8b73-4c06-88c7-f0696b691d11" name="florin.coros@ISDC20655 2010-10-19 16:09:01" runUser="ISDCNET\florin.coros" xmlns="http://microsoft.com/schemas/VisualStudio/TeamTest/2010">
  <TestSettings name="Local" id="458cc489-e0c0-47d6-bd63-6380afd613c8">
    <Description>These are default test settings for a local test run.</Description>
    <Deployment enabled="false" runDeploymentRoot="florin.coros_ISDC20655 2010-10-19 16_09_01" />
    <Execution>
      <TestTypeSpecific />
      <AgentRule name="Execution Agents">
      </AgentRule>
    </Execution>
  </TestSettings>
  <Times creation="2010-10-19T16:09:01.2789971+03:00" queuing="2010-10-19T16:09:01.5699971+03:00" start="2010-10-19T16:09:01.7939971+03:00" finish="2010-10-19T16:09:02.9309971+03:00" />
  <ResultSummary outcome="Failed">
    <Counters total="5" executed="5" passed="4" error="0" failed="1" timeout="0" aborted="0" inconclusive="0" passedButRunAborted="0" notRunnable="0" notExecuted="0" disconnected="0" warning="0" completed="0" inProgress="0" pending="0" />
  </ResultSummary>
  <TestDefinitions>
    <UnitTest name="WhenScanned_TaxCalculatorCalled" storage="d:\training\tdd_ws\pos2\pos2\pos.unitests\bin\debug\pos.unitests.dll" id="06cd68ae-17ba-8ac0-9dc3-5dce0b2dd6e1">
      <Execution timeOut="1800000" id="baeaaa02-c99c-4e4d-a2b2-e97a24648d0e" />
      <TestMethod codeBase="D:/Training/TDD_WS/POS2/POS2/POS.UniTests/bin/Debug/POS.UniTests.DLL" adapterTypeName="Microsoft.VisualStudio.TestTools.TestTypes.Unit.UnitTestAdapter, Microsoft.VisualStudio.QualityTools.Tips.UnitTest.Adapter, Version=10.0.0.0, Culture=neutral, PublicKeyToken=b03f5f7f11d50a3a" className="POS.UniTests.PricePresenterTests, POS.UniTests, Version=1.0.0.0, Culture=neutral, PublicKeyToken=null" name="WhenScanned_TaxCalculatorCalled" />
    </UnitTest>
    <UnitTest name="WhenScanned_NotExistentProduct_ErrorShown" storage="d:\training\tdd_ws\pos2\pos2\pos.unitests\bin\debug\pos.unitests.dll" id="0241e99e-4577-097f-5cc3-06329f34fae3">
      <Execution timeOut="1800000" id="c0ce3259-a3d7-421d-9d1b-17f34fc7b0f1" />
      <TestMethod codeBase="D:/Training/TDD_WS/POS2/POS2/POS.UniTests/bin/Debug/POS.UniTests.DLL" adapterTypeName="Microsoft.VisualStudio.TestTools.TestTypes.Unit.UnitTestAdapter, Microsoft.VisualStudio.QualityTools.Tips.UnitTest.Adapter, Version=10.0.0.0, Culture=neutral, PublicKeyToken=b03f5f7f11d50a3a" className="POS.UniTests.PricePresenterTests, POS.UniTests, Version=1.0.0.0, Culture=neutral, PublicKeyToken=null" name="WhenScanned_NotExistentProduct_ErrorShown" />
    </UnitTest>
    <UnitTest name="ShowPrice_WhenCalled_PriceDisplayed" storage="d:\training\tdd_ws\pos2\pos2\pos.unitests\bin\debug\pos.unitests.dll" id="4623e387-be1e-90c1-cb0a-e564f1c16395">
      <Execution timeOut="1800000" id="fbb904c9-4438-4ad3-bff4-668ce7f565db" />
      <TestMethod codeBase="D:/Training/TDD_WS/POS2/POS2/POS.UniTests/bin/Debug/POS.UniTests.DLL" adapterTypeName="Microsoft.VisualStudio.TestTools.TestTypes.Unit.UnitTestAdapter, Microsoft.VisualStudio.QualityTools.Tips.UnitTest.Adapter, Version=10.0.0.0, Culture=neutral, PublicKeyToken=b03f5f7f11d50a3a" className="POS.UniTests.PriceDisplayTests, POS.UniTests, Version=1.0.0.0, Culture=neutral, PublicKeyToken=null" name="ShowPrice_WhenCalled_PriceDisplayed" />
    </UnitTest>
    <UnitTest name="WhenProvincialScanned_CalculatorCalledWithProvincialTax" storage="d:\training\tdd_ws\pos2\pos2\pos.unitests\bin\debug\pos.unitests.dll" id="31639541-f615-18f1-9d25-f9e9646b5450">
      <Execution timeOut="1800000" id="939f6ad2-8233-4450-8d1e-5536e1038b57" />
      <TestMethod codeBase="D:/Training/TDD_WS/POS2/POS2/POS.UniTests/bin/Debug/POS.UniTests.DLL" adapterTypeName="Microsoft.VisualStudio.TestTools.TestTypes.Unit.UnitTestAdapter, Microsoft.VisualStudio.QualityTools.Tips.UnitTest.Adapter, Version=10.0.0.0, Culture=neutral, PublicKeyToken=b03f5f7f11d50a3a" className="POS.UniTests.PricePresenterTests, POS.UniTests, Version=1.0.0.0, Culture=neutral, PublicKeyToken=null" name="WhenProvincialScanned_CalculatorCalledWithProvincialTax" />
    </UnitTest>
    <UnitTest name="WhenScanned_ExistentProduct_CatalogPriceDisplayed" storage="d:\training\tdd_ws\pos2\pos2\pos.unitests\bin\debug\pos.unitests.dll" id="06e382d9-e9f4-9f07-a785-df7ed089442b">
      <Execution timeOut="1800000" id="f597b766-1969-47a0-bfdb-2650b15df009" />
      <TestMethod codeBase="D:/Training/TDD_WS/POS2/POS2/POS.UniTests/bin/Debug/POS.UniTests.DLL" adapterTypeName="Microsoft.VisualStudio.TestTools.TestTypes.Unit.UnitTestAdapter, Microsoft.VisualStudio.QualityTools.Tips.UnitTest.Adapter, Version=10.0.0.0, Culture=neutral, PublicKeyToken=b03f5f7f11d50a3a" className="POS.UniTests.PricePresenterTests, POS.UniTests, Version=1.0.0.0, Culture=neutral, PublicKeyToken=null" name="WhenScanned_ExistentProduct_CatalogPriceDisplayed" />
    </UnitTest>
  </TestDefinitions>
  <TestLists>
    <TestList name="Results Not in a List" id="8c84fa94-04c1-424b-9868-57a2d4851a1d" />
    <TestList name="All Loaded Results" id="19431567-8539-422a-85d7-44ee4e166bda" />
  </TestLists>
  <TestEntries>
    <TestEntry testId="4623e387-be1e-90c1-cb0a-e564f1c16395" executionId="fbb904c9-4438-4ad3-bff4-668ce7f565db" testListId="8c84fa94-04c1-424b-9868-57a2d4851a1d" />
    <TestEntry testId="31639541-f615-18f1-9d25-f9e9646b5450" executionId="939f6ad2-8233-4450-8d1e-5536e1038b57" testListId="8c84fa94-04c1-424b-9868-57a2d4851a1d" />
    <TestEntry testId="06e382d9-e9f4-9f07-a785-df7ed089442b" executionId="f597b766-1969-47a0-bfdb-2650b15df009" testListId="8c84fa94-04c1-424b-9868-57a2d4851a1d" />
    <TestEntry testId="0241e99e-4577-097f-5cc3-06329f34fae3" executionId="c0ce3259-a3d7-421d-9d1b-17f34fc7b0f1" testListId="8c84fa94-04c1-424b-9868-57a2d4851a1d" />
    <TestEntry testId="06cd68ae-17ba-8ac0-9dc3-5dce0b2dd6e1" executionId="baeaaa02-c99c-4e4d-a2b2-e97a24648d0e" testListId="8c84fa94-04c1-424b-9868-57a2d4851a1d" />
  </TestEntries>
  <Results>
    <UnitTestResult executionId="fbb904c9-4438-4ad3-bff4-668ce7f565db" testId="4623e387-be1e-90c1-cb0a-e564f1c16395" testName="ShowPrice_WhenCalled_PriceDisplayed" computerName="ISDC20655" duration="00:00:00.2716738" startTime="2010-10-19T16:09:01.9749971+03:00" endTime="2010-10-19T16:09:02.3159971+03:00" testType="13cdc9d9-ddb5-4fa4-a97d-d965ccfc6d4b" outcome="Failed" testListId="8c84fa94-04c1-424b-9868-57a2d4851a1d" relativeResultsDirectory="fbb904c9-4438-4ad3-bff4-668ce7f565db">
      <Output>
        <ErrorInfo>
          <Message>Assert.AreEqual failed. Expected:&lt;$20.50&gt;. Actual:&lt;&gt;. </Message>
          <StackTrace>   at POS.UniTests.PriceDisplayTests.ShowPrice_WhenCalled_PriceDisplayed() in D:\Training\TDD_WS\POS2\POS2\POS.UniTests\PriceDisplayTests.cs:line 15
</StackTrace>
        </ErrorInfo>
      </Output>
    </UnitTestResult>
    <UnitTestResult executionId="939f6ad2-8233-4450-8d1e-5536e1038b57" testId="31639541-f615-18f1-9d25-f9e9646b5450" testName="WhenProvincialScanned_CalculatorCalledWithProvincialTax" computerName="ISDC20655" duration="00:00:00.4631883" startTime="2010-10-19T16:09:02.3199971+03:00" endTime="2010-10-19T16:09:02.7969971+03:00" testType="13cdc9d9-ddb5-4fa4-a97d-d965ccfc6d4b" outcome="Passed" testListId="8c84fa94-04c1-424b-9868-57a2d4851a1d" relativeResultsDirectory="939f6ad2-8233-4450-8d1e-5536e1038b57">
    </UnitTestResult>
    <UnitTestResult executionId="f597b766-1969-47a0-bfdb-2650b15df009" testId="06e382d9-e9f4-9f07-a785-df7ed089442b" testName="WhenScanned_ExistentProduct_CatalogPriceDisplayed" computerName="ISDC20655" duration="00:00:00.0190201" startTime="2010-10-19T16:09:02.7999971+03:00" endTime="2010-10-19T16:09:02.8199971+03:00" testType="13cdc9d9-ddb5-4fa4-a97d-d965ccfc6d4b" outcome="Passed" testListId="8c84fa94-04c1-424b-9868-57a2d4851a1d" relativeResultsDirectory="f597b766-1969-47a0-bfdb-2650b15df009">
    </UnitTestResult>
    <UnitTestResult executionId="c0ce3259-a3d7-421d-9d1b-17f34fc7b0f1" testId="0241e99e-4577-097f-5cc3-06329f34fae3" testName="WhenScanned_NotExistentProduct_ErrorShown" computerName="ISDC20655" duration="00:00:00.0047610" startTime="2010-10-19T16:09:02.8369971+03:00" endTime="2010-10-19T16:09:02.8419971+03:00" testType="13cdc9d9-ddb5-4fa4-a97d-d965ccfc6d4b" outcome="Passed" testListId="8c84fa94-04c1-424b-9868-57a2d4851a1d" relativeResultsDirectory="c0ce3259-a3d7-421d-9d1b-17f34fc7b0f1">
    </UnitTestResult>
    <UnitTestResult executionId="baeaaa02-c99c-4e4d-a2b2-e97a24648d0e" testId="06cd68ae-17ba-8ac0-9dc3-5dce0b2dd6e1" testName="WhenScanned_TaxCalculatorCalled" computerName="ISDC20655" duration="00:00:00.0014461" startTime="2010-10-19T16:09:02.8449971+03:00" endTime="2010-10-19T16:09:02.8479971+03:00" testType="13cdc9d9-ddb5-4fa4-a97d-d965ccfc6d4b" outcome="Passed" testListId="8c84fa94-04c1-424b-9868-57a2d4851a1d" relativeResultsDirectory="baeaaa02-c99c-4e4d-a2b2-e97a24648d0e">
    </UnitTestResult>
  </Results>
</TestRun>