<?xml version="1.0" encoding="UTF-8"?>
<TestRun id="7d82b87b-9942-4247-9206-5c4029e11335" name="florin.coros@ISDC20655 2010-10-18 14:36:15" runUser="ISDCNET\florin.coros" xmlns="http://microsoft.com/schemas/VisualStudio/TeamTest/2010">
  <TestSettings name="Local" id="458cc489-e0c0-47d6-bd63-6380afd613c8">
    <Description>These are default test settings for a local test run.</Description>
    <Deployment enabled="false" runDeploymentRoot="florin.coros_ISDC20655 2010-10-18 14_36_15" />
    <Execution>
      <TestTypeSpecific />
      <AgentRule name="Execution Agents">
      </AgentRule>
    </Execution>
  </TestSettings>
  <Times creation="2010-10-18T14:36:15.2236369+03:00" queuing="2010-10-18T14:36:15.5296675+03:00" start="2010-10-18T14:36:15.8466992+03:00" finish="2010-10-18T14:36:16.6817827+03:00" />
  <ResultSummary outcome="Completed">
    <Counters total="3" executed="3" passed="3" error="0" failed="0" timeout="0" aborted="0" inconclusive="0" passedButRunAborted="0" notRunnable="0" notExecuted="0" disconnected="0" warning="0" completed="0" inProgress="0" pending="0" />
  </ResultSummary>
  <TestDefinitions>
    <UnitTest name="WhenInvalidBarcode_ErrorShown" storage="d:\training\tdd_ws\pos2\pos2\pos.unitests\bin\debug\pos.unitests.dll" id="00503b65-dc94-056e-9ab0-8d44aa21a90a">
      <Execution timeOut="1800000" id="697b281b-11dc-407a-b14e-be4fedc142c3" />
      <TestMethod codeBase="d:/Training/TDD_WS/POS2/POS2/POS.UniTests/bin/Debug/POS.UniTests.DLL" adapterTypeName="Microsoft.VisualStudio.TestTools.TestTypes.Unit.UnitTestAdapter, Microsoft.VisualStudio.QualityTools.Tips.UnitTest.Adapter, Version=10.0.0.0, Culture=neutral, PublicKeyToken=b03f5f7f11d50a3a" className="POS.UniTests.PricePresenterTests, POS.UniTests, Version=1.0.0.0, Culture=neutral, PublicKeyToken=null" name="WhenInvalidBarcode_ErrorShown" />
    </UnitTest>
    <UnitTest name="When12345Scanned_10dot40Displayed" storage="d:\training\tdd_ws\pos2\pos2\pos.unitests\bin\debug\pos.unitests.dll" id="f978c5bb-0530-b7b4-76b2-1bb6c99e299e">
      <Execution timeOut="1800000" id="20b595c0-489f-46d8-8d9e-9768d01b6d5d" />
      <TestMethod codeBase="d:/Training/TDD_WS/POS2/POS2/POS.UniTests/bin/Debug/POS.UniTests.DLL" adapterTypeName="Microsoft.VisualStudio.TestTools.TestTypes.Unit.UnitTestAdapter, Microsoft.VisualStudio.QualityTools.Tips.UnitTest.Adapter, Version=10.0.0.0, Culture=neutral, PublicKeyToken=b03f5f7f11d50a3a" className="POS.UniTests.PricePresenterTests, POS.UniTests, Version=1.0.0.0, Culture=neutral, PublicKeyToken=null" name="When12345Scanned_10dot40Displayed" />
    </UnitTest>
    <UnitTest name="When5678Scanned_11dot56Displayed" storage="d:\training\tdd_ws\pos2\pos2\pos.unitests\bin\debug\pos.unitests.dll" id="3e5840db-2377-9056-881d-48e9717d78a5">
      <Execution timeOut="1800000" id="a9578b9d-732f-4f62-a45b-1bc5a3372a74" />
      <TestMethod codeBase="d:/Training/TDD_WS/POS2/POS2/POS.UniTests/bin/Debug/POS.UniTests.DLL" adapterTypeName="Microsoft.VisualStudio.TestTools.TestTypes.Unit.UnitTestAdapter, Microsoft.VisualStudio.QualityTools.Tips.UnitTest.Adapter, Version=10.0.0.0, Culture=neutral, PublicKeyToken=b03f5f7f11d50a3a" className="POS.UniTests.PricePresenterTests, POS.UniTests, Version=1.0.0.0, Culture=neutral, PublicKeyToken=null" name="When5678Scanned_11dot56Displayed" />
    </UnitTest>
  </TestDefinitions>
  <TestLists>
    <TestList name="Results Not in a List" id="8c84fa94-04c1-424b-9868-57a2d4851a1d" />
    <TestList name="All Loaded Results" id="19431567-8539-422a-85d7-44ee4e166bda" />
  </TestLists>
  <TestEntries>
    <TestEntry testId="f978c5bb-0530-b7b4-76b2-1bb6c99e299e" executionId="20b595c0-489f-46d8-8d9e-9768d01b6d5d" testListId="8c84fa94-04c1-424b-9868-57a2d4851a1d" />
    <TestEntry testId="3e5840db-2377-9056-881d-48e9717d78a5" executionId="a9578b9d-732f-4f62-a45b-1bc5a3372a74" testListId="8c84fa94-04c1-424b-9868-57a2d4851a1d" />
    <TestEntry testId="00503b65-dc94-056e-9ab0-8d44aa21a90a" executionId="697b281b-11dc-407a-b14e-be4fedc142c3" testListId="8c84fa94-04c1-424b-9868-57a2d4851a1d" />
  </TestEntries>
  <Results>
    <UnitTestResult executionId="20b595c0-489f-46d8-8d9e-9768d01b6d5d" testId="f978c5bb-0530-b7b4-76b2-1bb6c99e299e" testName="When12345Scanned_10dot40Displayed" computerName="ISDC20655" duration="00:00:00.5177326" startTime="2010-10-18T14:36:15.9837129+03:00" endTime="2010-10-18T14:36:16.5717717+03:00" testType="13cdc9d9-ddb5-4fa4-a97d-d965ccfc6d4b" outcome="Passed" testListId="8c84fa94-04c1-424b-9868-57a2d4851a1d" relativeResultsDirectory="20b595c0-489f-46d8-8d9e-9768d01b6d5d">
    </UnitTestResult>
    <UnitTestResult executionId="a9578b9d-732f-4f62-a45b-1bc5a3372a74" testId="3e5840db-2377-9056-881d-48e9717d78a5" testName="When5678Scanned_11dot56Displayed" computerName="ISDC20655" duration="00:00:00.0036083" startTime="2010-10-18T14:36:16.5747720+03:00" endTime="2010-10-18T14:36:16.5897735+03:00" testType="13cdc9d9-ddb5-4fa4-a97d-d965ccfc6d4b" outcome="Passed" testListId="8c84fa94-04c1-424b-9868-57a2d4851a1d" relativeResultsDirectory="a9578b9d-732f-4f62-a45b-1bc5a3372a74">
    </UnitTestResult>
    <UnitTestResult executionId="697b281b-11dc-407a-b14e-be4fedc142c3" testId="00503b65-dc94-056e-9ab0-8d44aa21a90a" testName="WhenInvalidBarcode_ErrorShown" computerName="ISDC20655" duration="00:00:00.0039060" startTime="2010-10-18T14:36:16.5947740+03:00" endTime="2010-10-18T14:36:16.6097755+03:00" testType="13cdc9d9-ddb5-4fa4-a97d-d965ccfc6d4b" outcome="Passed" testListId="8c84fa94-04c1-424b-9868-57a2d4851a1d" relativeResultsDirectory="697b281b-11dc-407a-b14e-be4fedc142c3">
    </UnitTestResult>
  </Results>
</TestRun>