<?xml version="1.0" encoding="UTF-8"?>
<TestRun id="0b058b39-892c-4e29-8b39-c294c6ba5c80" name="florin.coros@ISDC20655 2010-10-19 16:29:06" runUser="ISDCNET\florin.coros" xmlns="http://microsoft.com/schemas/VisualStudio/TeamTest/2010">
  <TestSettings name="Local" id="458cc489-e0c0-47d6-bd63-6380afd613c8">
    <Description>These are default test settings for a local test run.</Description>
    <Deployment enabled="false" runDeploymentRoot="florin.coros_ISDC20655 2010-10-19 16_29_06" />
    <Execution>
      <TestTypeSpecific />
      <AgentRule name="Execution Agents">
      </AgentRule>
    </Execution>
  </TestSettings>
  <Times creation="2010-10-19T16:29:06.9589359+03:00" queuing="2010-10-19T16:29:07.2619662+03:00" start="2010-10-19T16:29:07.5349935+03:00" finish="2010-10-19T16:29:08.6671067+03:00" />
  <ResultSummary outcome="Failed">
    <Counters total="7" executed="7" passed="6" error="0" failed="1" timeout="0" aborted="0" inconclusive="0" passedButRunAborted="0" notRunnable="0" notExecuted="0" disconnected="0" warning="0" completed="0" inProgress="0" pending="0" />
  </ResultSummary>
  <TestDefinitions>
    <UnitTest name="WhenScaned_EmptyStringBarcode_ScanErrorTextDisplayed" storage="d:\training\tdd_ws\pos2\pos2\pos.unitests\bin\debug\pos.unitests.dll" id="9161d7aa-d02c-1483-3391-5410029da805">
      <Execution timeOut="1800000" id="0d2de752-f3b5-466f-adc6-ed75667a3ab1" />
      <TestMethod codeBase="D:/Training/TDD_WS/POS2/POS2/POS.UniTests/bin/Debug/POS.UniTests.DLL" adapterTypeName="Microsoft.VisualStudio.TestTools.TestTypes.Unit.UnitTestAdapter, Microsoft.VisualStudio.QualityTools.Tips.UnitTest.Adapter, Version=10.0.0.0, Culture=neutral, PublicKeyToken=b03f5f7f11d50a3a" className="POS.UniTests.PricePresenterTests, POS.UniTests, Version=1.0.0.0, Culture=neutral, PublicKeyToken=null" name="WhenScaned_EmptyStringBarcode_ScanErrorTextDisplayed" />
    </UnitTest>
    <UnitTest name="ShowProductNotFound_WhenCalled_ProductNotFoundTextDisplayed" storage="d:\training\tdd_ws\pos2\pos2\pos.unitests\bin\debug\pos.unitests.dll" id="f2ba733f-af89-1a06-e817-7c799db7a176">
      <Execution timeOut="1800000" id="2e217b19-eb4d-4351-9ff6-78171529421b" />
      <TestMethod codeBase="D:/Training/TDD_WS/POS2/POS2/POS.UniTests/bin/Debug/POS.UniTests.DLL" adapterTypeName="Microsoft.VisualStudio.TestTools.TestTypes.Unit.UnitTestAdapter, Microsoft.VisualStudio.QualityTools.Tips.UnitTest.Adapter, Version=10.0.0.0, Culture=neutral, PublicKeyToken=b03f5f7f11d50a3a" className="POS.UniTests.PriceDisplayTests, POS.UniTests, Version=1.0.0.0, Culture=neutral, PublicKeyToken=null" name="ShowProductNotFound_WhenCalled_ProductNotFoundTextDisplayed" />
    </UnitTest>
    <UnitTest name="WhenScanned_NotExistentProduct_ProductNotFoundTextDisplayed" storage="d:\training\tdd_ws\pos2\pos2\pos.unitests\bin\debug\pos.unitests.dll" id="847de343-dc43-ccdf-651d-7466423478ec">
      <Execution timeOut="1800000" id="aeb1ad63-9243-4804-9516-e7788fd8322d" />
      <TestMethod codeBase="D:/Training/TDD_WS/POS2/POS2/POS.UniTests/bin/Debug/POS.UniTests.DLL" adapterTypeName="Microsoft.VisualStudio.TestTools.TestTypes.Unit.UnitTestAdapter, Microsoft.VisualStudio.QualityTools.Tips.UnitTest.Adapter, Version=10.0.0.0, Culture=neutral, PublicKeyToken=b03f5f7f11d50a3a" className="POS.UniTests.PricePresenterTests, POS.UniTests, Version=1.0.0.0, Culture=neutral, PublicKeyToken=null" name="WhenScanned_NotExistentProduct_ProductNotFoundTextDisplayed" />
    </UnitTest>
    <UnitTest name="ShowPrice_WhenCalled_PriceDisplayed" storage="d:\training\tdd_ws\pos2\pos2\pos.unitests\bin\debug\pos.unitests.dll" id="4623e387-be1e-90c1-cb0a-e564f1c16395">
      <Execution timeOut="1800000" id="95203ed8-e66e-49d9-aa05-fd5bbd565538" />
      <TestMethod codeBase="D:/Training/TDD_WS/POS2/POS2/POS.UniTests/bin/Debug/POS.UniTests.DLL" adapterTypeName="Microsoft.VisualStudio.TestTools.TestTypes.Unit.UnitTestAdapter, Microsoft.VisualStudio.QualityTools.Tips.UnitTest.Adapter, Version=10.0.0.0, Culture=neutral, PublicKeyToken=b03f5f7f11d50a3a" className="POS.UniTests.PriceDisplayTests, POS.UniTests, Version=1.0.0.0, Culture=neutral, PublicKeyToken=null" name="ShowPrice_WhenCalled_PriceDisplayed" />
    </UnitTest>
    <UnitTest name="WhenScanned_ExistentProduct_CatalogPriceDisplayed" storage="d:\training\tdd_ws\pos2\pos2\pos.unitests\bin\debug\pos.unitests.dll" id="06e382d9-e9f4-9f07-a785-df7ed089442b">
      <Execution timeOut="1800000" id="fce3aa33-e846-4f63-9ccb-d31004b21ddd" />
      <TestMethod codeBase="D:/Training/TDD_WS/POS2/POS2/POS.UniTests/bin/Debug/POS.UniTests.DLL" adapterTypeName="Microsoft.VisualStudio.TestTools.TestTypes.Unit.UnitTestAdapter, Microsoft.VisualStudio.QualityTools.Tips.UnitTest.Adapter, Version=10.0.0.0, Culture=neutral, PublicKeyToken=b03f5f7f11d50a3a" className="POS.UniTests.PricePresenterTests, POS.UniTests, Version=1.0.0.0, Culture=neutral, PublicKeyToken=null" name="WhenScanned_ExistentProduct_CatalogPriceDisplayed" />
    </UnitTest>
    <UnitTest name="WhenScanned_TaxCalculatorCalled" storage="d:\training\tdd_ws\pos2\pos2\pos.unitests\bin\debug\pos.unitests.dll" id="06cd68ae-17ba-8ac0-9dc3-5dce0b2dd6e1">
      <Execution timeOut="1800000" id="81f96f9d-c1a7-447f-a86c-45e5a396c06c" />
      <TestMethod codeBase="D:/Training/TDD_WS/POS2/POS2/POS.UniTests/bin/Debug/POS.UniTests.DLL" adapterTypeName="Microsoft.VisualStudio.TestTools.TestTypes.Unit.UnitTestAdapter, Microsoft.VisualStudio.QualityTools.Tips.UnitTest.Adapter, Version=10.0.0.0, Culture=neutral, PublicKeyToken=b03f5f7f11d50a3a" className="POS.UniTests.PricePresenterTests, POS.UniTests, Version=1.0.0.0, Culture=neutral, PublicKeyToken=null" name="WhenScanned_TaxCalculatorCalled" />
    </UnitTest>
    <UnitTest name="WhenProvincialScanned_CalculatorCalledWithProvincialTax" storage="d:\training\tdd_ws\pos2\pos2\pos.unitests\bin\debug\pos.unitests.dll" id="31639541-f615-18f1-9d25-f9e9646b5450">
      <Execution timeOut="1800000" id="19ef449f-9049-45ed-a4a9-bf1a355242a9" />
      <TestMethod codeBase="D:/Training/TDD_WS/POS2/POS2/POS.UniTests/bin/Debug/POS.UniTests.DLL" adapterTypeName="Microsoft.VisualStudio.TestTools.TestTypes.Unit.UnitTestAdapter, Microsoft.VisualStudio.QualityTools.Tips.UnitTest.Adapter, Version=10.0.0.0, Culture=neutral, PublicKeyToken=b03f5f7f11d50a3a" className="POS.UniTests.PricePresenterTests, POS.UniTests, Version=1.0.0.0, Culture=neutral, PublicKeyToken=null" name="WhenProvincialScanned_CalculatorCalledWithProvincialTax" />
    </UnitTest>
  </TestDefinitions>
  <TestLists>
    <TestList name="Results Not in a List" id="8c84fa94-04c1-424b-9868-57a2d4851a1d" />
    <TestList name="All Loaded Results" id="19431567-8539-422a-85d7-44ee4e166bda" />
  </TestLists>
  <TestEntries>
    <TestEntry testId="4623e387-be1e-90c1-cb0a-e564f1c16395" executionId="95203ed8-e66e-49d9-aa05-fd5bbd565538" testListId="8c84fa94-04c1-424b-9868-57a2d4851a1d" />
    <TestEntry testId="f2ba733f-af89-1a06-e817-7c799db7a176" executionId="2e217b19-eb4d-4351-9ff6-78171529421b" testListId="8c84fa94-04c1-424b-9868-57a2d4851a1d" />
    <TestEntry testId="31639541-f615-18f1-9d25-f9e9646b5450" executionId="19ef449f-9049-45ed-a4a9-bf1a355242a9" testListId="8c84fa94-04c1-424b-9868-57a2d4851a1d" />
    <TestEntry testId="9161d7aa-d02c-1483-3391-5410029da805" executionId="0d2de752-f3b5-466f-adc6-ed75667a3ab1" testListId="8c84fa94-04c1-424b-9868-57a2d4851a1d" />
    <TestEntry testId="06e382d9-e9f4-9f07-a785-df7ed089442b" executionId="fce3aa33-e846-4f63-9ccb-d31004b21ddd" testListId="8c84fa94-04c1-424b-9868-57a2d4851a1d" />
    <TestEntry testId="847de343-dc43-ccdf-651d-7466423478ec" executionId="aeb1ad63-9243-4804-9516-e7788fd8322d" testListId="8c84fa94-04c1-424b-9868-57a2d4851a1d" />
    <TestEntry testId="06cd68ae-17ba-8ac0-9dc3-5dce0b2dd6e1" executionId="81f96f9d-c1a7-447f-a86c-45e5a396c06c" testListId="8c84fa94-04c1-424b-9868-57a2d4851a1d" />
  </TestEntries>
  <Results>
    <UnitTestResult executionId="95203ed8-e66e-49d9-aa05-fd5bbd565538" testId="4623e387-be1e-90c1-cb0a-e564f1c16395" testName="ShowPrice_WhenCalled_PriceDisplayed" computerName="ISDC20655" duration="00:00:00.2486703" startTime="2010-10-19T16:29:07.7070107+03:00" endTime="2010-10-19T16:29:08.0270427+03:00" testType="13cdc9d9-ddb5-4fa4-a97d-d965ccfc6d4b" outcome="Passed" testListId="8c84fa94-04c1-424b-9868-57a2d4851a1d" relativeResultsDirectory="95203ed8-e66e-49d9-aa05-fd5bbd565538">
    </UnitTestResult>
    <UnitTestResult executionId="2e217b19-eb4d-4351-9ff6-78171529421b" testId="f2ba733f-af89-1a06-e817-7c799db7a176" testName="ShowProductNotFound_WhenCalled_ProductNotFoundTextDisplayed" computerName="ISDC20655" duration="00:00:00.0019418" startTime="2010-10-19T16:29:08.0310431+03:00" endTime="2010-10-19T16:29:08.0440444+03:00" testType="13cdc9d9-ddb5-4fa4-a97d-d965ccfc6d4b" outcome="Passed" testListId="8c84fa94-04c1-424b-9868-57a2d4851a1d" relativeResultsDirectory="2e217b19-eb4d-4351-9ff6-78171529421b">
    </UnitTestResult>
    <UnitTestResult executionId="19ef449f-9049-45ed-a4a9-bf1a355242a9" testId="31639541-f615-18f1-9d25-f9e9646b5450" testName="WhenProvincialScanned_CalculatorCalledWithProvincialTax" computerName="ISDC20655" duration="00:00:00.4626485" startTime="2010-10-19T16:29:08.0590459+03:00" endTime="2010-10-19T16:29:08.5240924+03:00" testType="13cdc9d9-ddb5-4fa4-a97d-d965ccfc6d4b" outcome="Passed" testListId="8c84fa94-04c1-424b-9868-57a2d4851a1d" relativeResultsDirectory="19ef449f-9049-45ed-a4a9-bf1a355242a9">
    </UnitTestResult>
    <UnitTestResult executionId="0d2de752-f3b5-466f-adc6-ed75667a3ab1" testId="9161d7aa-d02c-1483-3391-5410029da805" testName="WhenScaned_EmptyStringBarcode_ScanErrorTextDisplayed" computerName="ISDC20655" duration="00:00:00.0263009" startTime="2010-10-19T16:29:08.5270927+03:00" endTime="2010-10-19T16:29:08.5580958+03:00" testType="13cdc9d9-ddb5-4fa4-a97d-d965ccfc6d4b" outcome="Failed" testListId="8c84fa94-04c1-424b-9868-57a2d4851a1d" relativeResultsDirectory="0d2de752-f3b5-466f-adc6-ed75667a3ab1">
      <Output>
        <ErrorInfo>
          <Message>Test method POS.UniTests.PricePresenterTests.WhenScaned_EmptyStringBarcode_ScanErrorTextDisplayed threw exception: 
Moq.MockException: 
Expected invocation on the mock at least once, but was never performed: d =&gt; d.ShowScanError()</Message>
          <StackTrace>    at Moq.Mock.ThrowVerifyException(IProxyCall expected, Expression expression, Times times, Int32 callCount)
   at Moq.Mock.VerifyCalls(Interceptor targetInterceptor, MethodCall expected, Expression expression, Times times)
   at Moq.Mock.Verify[T](Mock mock, Expression`1 expression, Times times, String failMessage)
   at Moq.Mock`1.Verify(Expression`1 expression)
   at POS.UniTests.PricePresenterTests.WhenScaned_EmptyStringBarcode_ScanErrorTextDisplayed() in D:\Training\TDD_WS\POS2\POS2\POS.UniTests\PricePresenterTests.cs:line 55
</StackTrace>
        </ErrorInfo>
      </Output>
    </UnitTestResult>
    <UnitTestResult executionId="fce3aa33-e846-4f63-9ccb-d31004b21ddd" testId="06e382d9-e9f4-9f07-a785-df7ed089442b" testName="WhenScanned_ExistentProduct_CatalogPriceDisplayed" computerName="ISDC20655" duration="00:00:00.0156633" startTime="2010-10-19T16:29:08.5600960+03:00" endTime="2010-10-19T16:29:08.5800980+03:00" testType="13cdc9d9-ddb5-4fa4-a97d-d965ccfc6d4b" outcome="Passed" testListId="8c84fa94-04c1-424b-9868-57a2d4851a1d" relativeResultsDirectory="fce3aa33-e846-4f63-9ccb-d31004b21ddd">
    </UnitTestResult>
    <UnitTestResult executionId="aeb1ad63-9243-4804-9516-e7788fd8322d" testId="847de343-dc43-ccdf-651d-7466423478ec" testName="WhenScanned_NotExistentProduct_ProductNotFoundTextDisplayed" computerName="ISDC20655" duration="00:00:00.0047995" startTime="2010-10-19T16:29:08.5830983+03:00" endTime="2010-10-19T16:29:08.5890989+03:00" testType="13cdc9d9-ddb5-4fa4-a97d-d965ccfc6d4b" outcome="Passed" testListId="8c84fa94-04c1-424b-9868-57a2d4851a1d" relativeResultsDirectory="aeb1ad63-9243-4804-9516-e7788fd8322d">
    </UnitTestResult>
    <UnitTestResult executionId="81f96f9d-c1a7-447f-a86c-45e5a396c06c" testId="06cd68ae-17ba-8ac0-9dc3-5dce0b2dd6e1" testName="WhenScanned_TaxCalculatorCalled" computerName="ISDC20655" duration="00:00:00.0021121" startTime="2010-10-19T16:29:08.5910991+03:00" endTime="2010-10-19T16:29:08.5940994+03:00" testType="13cdc9d9-ddb5-4fa4-a97d-d965ccfc6d4b" outcome="Passed" testListId="8c84fa94-04c1-424b-9868-57a2d4851a1d" relativeResultsDirectory="81f96f9d-c1a7-447f-a86c-45e5a396c06c">
    </UnitTestResult>
  </Results>
</TestRun>