<?xml version="1.0" encoding="UTF-8"?>
<TestRun id="338260df-4a99-4a8d-9060-c8e057bff4ff" name="florin.coros@ISDC20655 2010-10-18 14:09:23" runUser="ISDCNET\florin.coros" xmlns="http://microsoft.com/schemas/VisualStudio/TeamTest/2010">
  <TestSettings name="Local" id="458cc489-e0c0-47d6-bd63-6380afd613c8">
    <Description>These are default test settings for a local test run.</Description>
    <Deployment enabled="false" runDeploymentRoot="florin.coros_ISDC20655 2010-10-18 14_09_23" />
    <Execution>
      <TestTypeSpecific />
      <AgentRule name="Execution Agents">
      </AgentRule>
    </Execution>
  </TestSettings>
  <Times creation="2010-10-18T14:09:23.6194926+03:00" queuing="2010-10-18T14:09:23.9215228+03:00" start="2010-10-18T14:09:24.1495456+03:00" finish="2010-10-18T14:09:24.9636270+03:00" />
  <ResultSummary outcome="Completed">
    <Counters total="1" executed="1" passed="1" error="0" failed="0" timeout="0" aborted="0" inconclusive="0" passedButRunAborted="0" notRunnable="0" notExecuted="0" disconnected="0" warning="0" completed="0" inProgress="0" pending="0" />
  </ResultSummary>
  <TestDefinitions>
    <UnitTest name="WhenScanned_PriceWithFederalTaxDisplayed" storage="d:\training\tdd_ws\pos2\pos2\pos.unitests\bin\debug\pos.unitests.dll" id="9e466bff-7acc-dc21-27a0-13d1f9e7e6eb">
      <Execution timeOut="1800000" id="7c6afab8-bbe1-480c-a4b0-cc558f46a1d3" />
      <TestMethod codeBase="d:/Training/TDD_WS/POS2/POS2/POS.UniTests/bin/Debug/POS.UniTests.DLL" adapterTypeName="Microsoft.VisualStudio.TestTools.TestTypes.Unit.UnitTestAdapter, Microsoft.VisualStudio.QualityTools.Tips.UnitTest.Adapter, Version=10.0.0.0, Culture=neutral, PublicKeyToken=b03f5f7f11d50a3a" className="POS.UniTests.PricePresenterTests, POS.UniTests, Version=1.0.0.0, Culture=neutral, PublicKeyToken=null" name="WhenScanned_PriceWithFederalTaxDisplayed" />
    </UnitTest>
  </TestDefinitions>
  <TestLists>
    <TestList name="Results Not in a List" id="8c84fa94-04c1-424b-9868-57a2d4851a1d" />
    <TestList name="All Loaded Results" id="19431567-8539-422a-85d7-44ee4e166bda" />
  </TestLists>
  <TestEntries>
    <TestEntry testId="9e466bff-7acc-dc21-27a0-13d1f9e7e6eb" executionId="7c6afab8-bbe1-480c-a4b0-cc558f46a1d3" testListId="8c84fa94-04c1-424b-9868-57a2d4851a1d" />
  </TestEntries>
  <Results>
    <UnitTestResult executionId="7c6afab8-bbe1-480c-a4b0-cc558f46a1d3" testId="9e466bff-7acc-dc21-27a0-13d1f9e7e6eb" testName="WhenScanned_PriceWithFederalTaxDisplayed" computerName="ISDC20655" duration="00:00:00.4668117" startTime="2010-10-18T14:09:24.3205627+03:00" endTime="2010-10-18T14:09:24.8676174+03:00" testType="13cdc9d9-ddb5-4fa4-a97d-d965ccfc6d4b" outcome="Passed" testListId="8c84fa94-04c1-424b-9868-57a2d4851a1d" relativeResultsDirectory="7c6afab8-bbe1-480c-a4b0-cc558f46a1d3">
    </UnitTestResult>
  </Results>
</TestRun>